{"/home/runner/work/angular-miniprogram/angular-miniprogram/src/builder/application/const.ts": {"path":"/home/runner/work/angular-miniprogram/angular-miniprogram/src/builder/application/const.ts","statementMap":{"0":{"start":{"line":1,"column":13},"end":{"line":3,"column":2}},"1":{"start":{"line":4,"column":13},"end":{"line":4,"column":57}},"2":{"start":{"line":5,"column":13},"end":{"line":5,"column":59}},"3":{"start":{"line":6,"column":13},"end":{"line":6,"column":69}}},"fnMap":{},"branchMap":{},"s":{"0":1,"1":1,"2":1,"3":1},"f":{},"b":{}}
,"/home/runner/work/angular-miniprogram/angular-miniprogram/src/builder/application/index.ts": {"path":"/home/runner/work/angular-miniprogram/angular-miniprogram/src/builder/application/index.ts","statementMap":{"0":{"start":{"line":2,"column":0},"end":{"line":2,"column":58}},"1":{"start":{"line":7,"column":0},"end":{"line":7,"column":70}},"2":{"start":{"line":8,"column":0},"end":{"line":8,"column":43}},"3":{"start":{"line":11,"column":0},"end":{"line":11,"column":82}},"4":{"start":{"line":12,"column":0},"end":{"line":12,"column":91}},"5":{"start":{"line":14,"column":0},"end":{"line":25,"column":2}},"6":{"start":{"line":23,"column":4},"end":{"line":23,"column":47}},"7":{"start":{"line":35,"column":2},"end":{"line":59,"column":5}},"8":{"start":{"line":36,"column":67},"end":{"line":58,"column":null}},"9":{"start":{"line":37,"column":23},"end":{"line":53,"column":8}},"10":{"start":{"line":43,"column":14},"end":{"line":48,"column":16}},"11":{"start":{"line":54,"column":21},"end":{"line":54,"column":68}},"12":{"start":{"line":55,"column":6},"end":{"line":55,"column":20}},"13":{"start":{"line":56,"column":6},"end":{"line":56,"column":28}},"14":{"start":{"line":57,"column":6},"end":{"line":57,"column":21}},"15":{"start":{"line":27,"column":0},"end":{"line":27,"column":16}}},"fnMap":{"0":{"name":"(anonymous_7)","decl":{"start":{"line":15,"column":2},"end":{"line":15,"column":null}},"loc":{"start":{"line":22,"column":48},"end":{"line":24,"column":3}}},"1":{"name":"runBuilder","decl":{"start":{"line":27,"column":16},"end":{"line":27,"column":26}},"loc":{"start":{"line":33,"column":25},"end":{"line":60,"column":1}}},"2":{"name":"(anonymous_9)","decl":{"start":{"line":36,"column":26},"end":{"line":36,"column":33}},"loc":{"start":{"line":36,"column":67},"end":{"line":58,"column":null}}},"3":{"name":"(anonymous_10)","decl":{"start":{"line":36,"column":67},"end":{"line":36,"column":null}},"loc":{"start":{"line":36,"column":67},"end":{"line":58,"column":5}}},"4":{"name":"(anonymous_11)","decl":{"start":{"line":42,"column":24},"end":{"line":42,"column":25}},"loc":{"start":{"line":42,"column":47},"end":{"line":49,"column":13}}}},"branchMap":{},"s":{"0":1,"1":1,"2":1,"3":1,"4":1,"5":1,"6":0,"7":9,"8":9,"9":9,"10":9,"11":9,"12":9,"13":9,"14":9,"15":1},"f":{"0":0,"1":9,"2":9,"3":9,"4":9},"b":{}}
,"/home/runner/work/angular-miniprogram/angular-miniprogram/src/builder/application/library-template-scope.service.ts": {"path":"/home/runner/work/angular-miniprogram/angular-miniprogram/src/builder/application/library-template-scope.service.ts","statementMap":{"0":{"start":{"line":2,"column":0},"end":{"line":2,"column":45}},"1":{"start":{"line":4,"column":0},"end":{"line":4,"column":46}},"2":{"start":{"line":22,"column":10},"end":{"line":22,"column":76}},"3":{"start":{"line":23,"column":10},"end":{"line":23,"column":80}},"4":{"start":{"line":77,"column":2},"end":{"line":88,"column":4}},"5":{"start":{"line":81,"column":36},"end":{"line":83,"column":48}},"6":{"start":{"line":84,"column":4},"end":{"line":87,"column":7}},"7":{"start":{"line":90,"column":2},"end":{"line":95,"column":4}},"8":{"start":{"line":94,"column":4},"end":{"line":94,"column":78}},"9":{"start":{"line":27,"column":5},"end":{"line":30,"column":30}},"10":{"start":{"line":37,"column":10},"end":{"line":37,"column":12}},"11":{"start":{"line":38,"column":4},"end":{"line":56,"column":7}},"12":{"start":{"line":39,"column":24},"end":{"line":41,"column":8}},"13":{"start":{"line":45,"column":6},"end":{"line":55,"column":null}},"14":{"start":{"line":46,"column":27},"end":{"line":46,"column":43}},"15":{"start":{"line":47,"column":29},"end":{"line":49,"column":null}},"16":{"start":{"line":51,"column":8},"end":{"line":54,"column":11}},"17":{"start":{"line":57,"column":4},"end":{"line":57,"column":16}},"18":{"start":{"line":60,"column":46},"end":{"line":60,"column":48}},"19":{"start":{"line":61,"column":4},"end":{"line":74,"column":7}},"20":{"start":{"line":62,"column":24},"end":{"line":64,"column":8}},"21":{"start":{"line":68,"column":6},"end":{"line":73,"column":null}},"22":{"start":{"line":69,"column":8},"end":{"line":71,"column":null}},"23":{"start":{"line":70,"column":10},"end":{"line":70,"column":19}},"24":{"start":{"line":72,"column":8},"end":{"line":72,"column":72}},"25":{"start":{"line":75,"column":4},"end":{"line":75,"column":21}},"26":{"start":{"line":20,"column":0},"end":{"line":20,"column":null}},"27":{"start":{"line":21,"column":13},"end":{"line":21,"column":null}}},"fnMap":{"0":{"name":"(anonymous_6)","decl":{"start":{"line":25,"column":2},"end":{"line":25,"column":17}},"loc":{"start":{"line":25,"column":2},"end":{"line":25,"column":18}}},"1":{"name":"(anonymous_7)","decl":{"start":{"line":77,"column":31},"end":{"line":77,"column":null}},"loc":{"start":{"line":80,"column":6},"end":{"line":88,"column":3}}},"2":{"name":"(anonymous_8)","decl":{"start":{"line":90,"column":33},"end":{"line":90,"column":null}},"loc":{"start":{"line":93,"column":6},"end":{"line":95,"column":3}}},"3":{"name":"(anonymous_9)","decl":{"start":{"line":26,"column":2},"end":{"line":26,"column":10}},"loc":{"start":{"line":26,"column":43},"end":{"line":31,"column":3}}},"4":{"name":"(anonymous_10)","decl":{"start":{"line":33,"column":2},"end":{"line":33,"column":30}},"loc":{"start":{"line":33,"column":30},"end":{"line":58,"column":3}}},"5":{"name":"(anonymous_11)","decl":{"start":{"line":38,"column":46},"end":{"line":38,"column":47}},"loc":{"start":{"line":38,"column":68},"end":{"line":56,"column":5}}},"6":{"name":"(anonymous_12)","decl":{"start":{"line":59,"column":2},"end":{"line":59,"column":23}},"loc":{"start":{"line":59,"column":23},"end":{"line":76,"column":3}}},"7":{"name":"(anonymous_13)","decl":{"start":{"line":61,"column":46},"end":{"line":61,"column":47}},"loc":{"start":{"line":61,"column":68},"end":{"line":74,"column":5}}},"8":{"name":"LibraryTemplateScopeService_Factory","decl":{"start":{"line":21,"column":13},"end":{"line":21,"column":40}},"loc":{"start":{"line":21,"column":13},"end":{"line":21,"column":null}}}},"branchMap":{"0":{"loc":{"start":{"line":81,"column":36},"end":{"line":83,"column":48}},"type":"binary-expr","locations":[{"start":{"line":81,"column":36},"end":{"line":82,"column":null}},{"start":{"line":83,"column":9},"end":{"line":83,"column":48}}]},"1":{"loc":{"start":{"line":39,"column":24},"end":{"line":41,"column":8}},"type":"binary-expr","locations":[{"start":{"line":39,"column":24},"end":{"line":39,"column":73}},{"start":{"line":39,"column":77},"end":{"line":41,"column":8}}]},"2":{"loc":{"start":{"line":62,"column":24},"end":{"line":64,"column":8}},"type":"binary-expr","locations":[{"start":{"line":62,"column":24},"end":{"line":62,"column":73}},{"start":{"line":62,"column":77},"end":{"line":64,"column":8}}]},"3":{"loc":{"start":{"line":69,"column":8},"end":{"line":71,"column":null}},"type":"if","locations":[{"start":{"line":69,"column":8},"end":{"line":71,"column":null}},{"start":{"line":69,"column":8},"end":{"line":71,"column":null}}]},"4":{"loc":{"start":{"line":21,"column":13},"end":{"line":21,"column":40}},"type":"binary-expr","locations":[{"start":{"line":21,"column":13},"end":{"line":21,"column":40}},{"start":{"line":21,"column":13},"end":{"line":21,"column":40}}]}},"s":{"0":1,"1":1,"2":9,"3":9,"4":9,"5":10,"6":10,"7":9,"8":10,"9":10,"10":10,"11":10,"12":10,"13":10,"14":150,"15":150,"16":150,"17":10,"18":10,"19":10,"20":10,"21":10,"22":150,"23":140,"24":10,"25":10,"26":1,"27":11},"f":{"0":9,"1":10,"2":10,"3":10,"4":10,"5":10,"6":10,"7":10,"8":9},"b":{"0":[10,9],"1":[10,0],"2":[10,0],"3":[140,10],"4":[9,9]}}
,"/home/runner/work/angular-miniprogram/angular-miniprogram/src/builder/application/mini-program-application-analysis.service.ts": {"path":"/home/runner/work/angular-miniprogram/angular-miniprogram/src/builder/application/mini-program-application-analysis.service.ts","statementMap":{"0":{"start":{"line":1,"column":0},"end":{"line":1,"column":64}},"1":{"start":{"line":4,"column":0},"end":{"line":4,"column":65}},"2":{"start":{"line":5,"column":0},"end":{"line":5,"column":36}},"3":{"start":{"line":6,"column":0},"end":{"line":6,"column":29}},"4":{"start":{"line":7,"column":0},"end":{"line":7,"column":63}},"5":{"start":{"line":8,"column":0},"end":{"line":8,"column":28}},"6":{"start":{"line":11,"column":0},"end":{"line":11,"column":52}},"7":{"start":{"line":12,"column":0},"end":{"line":12,"column":70}},"8":{"start":{"line":13,"column":0},"end":{"line":13,"column":53}},"9":{"start":{"line":14,"column":0},"end":{"line":14,"column":61}},"10":{"start":{"line":15,"column":0},"end":{"line":15,"column":null}},"11":{"start":{"line":35,"column":12},"end":{"line":35,"column":30}},"12":{"start":{"line":36,"column":41},"end":{"line":36,"column":65}},"13":{"start":{"line":37,"column":31},"end":{"line":37,"column":48}},"14":{"start":{"line":38,"column":38},"end":{"line":38,"column":56}},"15":{"start":{"line":39,"column":37},"end":{"line":39,"column":53}},"16":{"start":{"line":41,"column":12},"end":{"line":41,"column":79}},"17":{"start":{"line":42,"column":40},"end":{"line":42,"column":70}},"18":{"start":{"line":43,"column":12},"end":{"line":43,"column":40}},"19":{"start":{"line":27,"column":10},"end":{"line":27,"column":60}},"20":{"start":{"line":28,"column":10},"end":{"line":28,"column":58}},"21":{"start":{"line":47,"column":21},"end":{"line":62,"column":6}},"22":{"start":{"line":52,"column":12},"end":{"line":56,"column":14}},"23":{"start":{"line":63,"column":39},"end":{"line":63,"column":79}},"24":{"start":{"line":64,"column":4},"end":{"line":64,"column":38}},"25":{"start":{"line":66,"column":6},"end":{"line":66,"column":68}},"26":{"start":{"line":68,"column":31},"end":{"line":68,"column":72}},"27":{"start":{"line":69,"column":49},"end":{"line":69,"column":51}},"28":{"start":{"line":70,"column":4},"end":{"line":86,"column":null}},"29":{"start":{"line":71,"column":37},"end":{"line":71,"column":107}},"30":{"start":{"line":72,"column":33},"end":{"line":72,"column":76}},"31":{"start":{"line":73,"column":6},"end":{"line":76,"column":9}},"32":{"start":{"line":74,"column":8},"end":{"line":74,"column":48}},"33":{"start":{"line":75,"column":8},"end":{"line":75,"column":46}},"34":{"start":{"line":78,"column":6},"end":{"line":81,"column":9}},"35":{"start":{"line":79,"column":8},"end":{"line":79,"column":66}},"36":{"start":{"line":80,"column":8},"end":{"line":80,"column":62}},"37":{"start":{"line":82,"column":6},"end":{"line":84,"column":18}},"38":{"start":{"line":83,"column":23},"end":{"line":83,"column":35}},"39":{"start":{"line":85,"column":6},"end":{"line":85,"column":55}},"40":{"start":{"line":87,"column":4},"end":{"line":90,"column":7}},"41":{"start":{"line":88,"column":6},"end":{"line":88,"column":65}},"42":{"start":{"line":89,"column":6},"end":{"line":89,"column":61}},"43":{"start":{"line":91,"column":21},"end":{"line":91,"column":48}},"44":{"start":{"line":92,"column":4},"end":{"line":95,"column":7}},"45":{"start":{"line":93,"column":27},"end":{"line":93,"column":60}},"46":{"start":{"line":94,"column":6},"end":{"line":94,"column":58}},"47":{"start":{"line":96,"column":23},"end":{"line":96,"column":48}},"48":{"start":{"line":97,"column":4},"end":{"line":100,"column":7}},"49":{"start":{"line":98,"column":27},"end":{"line":98,"column":60}},"50":{"start":{"line":99,"column":6},"end":{"line":99,"column":62}},"51":{"start":{"line":102,"column":4},"end":{"line":102,"column":29}},"52":{"start":{"line":103,"column":19},"end":{"line":103,"column":null}},"53":{"start":{"line":110,"column":4},"end":{"line":135,"column":7}},"54":{"start":{"line":111,"column":27},"end":{"line":111,"column":60}},"55":{"start":{"line":112,"column":19},"end":{"line":120,"column":8}},"56":{"start":{"line":114,"column":10},"end":{"line":117,"column":12}},"57":{"start":{"line":118,"column":10},"end":{"line":118,"column":22}},"58":{"start":{"line":121,"column":6},"end":{"line":130,"column":8}},"59":{"start":{"line":122,"column":42},"end":{"line":129,"column":10}},"60":{"start":{"line":131,"column":6},"end":{"line":134,"column":9}},"61":{"start":{"line":137,"column":4},"end":{"line":158,"column":null}},"62":{"start":{"line":138,"column":6},"end":{"line":157,"column":null}},"63":{"start":{"line":144,"column":24},"end":{"line":144,"column":61}},"64":{"start":{"line":145,"column":8},"end":{"line":150,"column":11}},"65":{"start":{"line":146,"column":10},"end":{"line":149,"column":12}},"66":{"start":{"line":151,"column":8},"end":{"line":156,"column":11}},"67":{"start":{"line":152,"column":10},"end":{"line":155,"column":12}},"68":{"start":{"line":159,"column":4},"end":{"line":165,"column":6}},"69":{"start":{"line":169,"column":17},"end":{"line":169,"column":78}},"70":{"start":{"line":170,"column":4},"end":{"line":170,"column":57}},"71":{"start":{"line":171,"column":4},"end":{"line":171,"column":34}},"72":{"start":{"line":172,"column":4},"end":{"line":172,"column":16}},"73":{"start":{"line":175,"column":48},"end":{"line":175,"column":79}},"74":{"start":{"line":176,"column":19},"end":{"line":176,"column":62}},"75":{"start":{"line":177,"column":17},"end":{"line":177,"column":38}},"76":{"start":{"line":178,"column":4},"end":{"line":182,"column":6}},"77":{"start":{"line":183,"column":4},"end":{"line":183,"column":54}},"78":{"start":{"line":184,"column":4},"end":{"line":184,"column":54}},"79":{"start":{"line":185,"column":4},"end":{"line":194,"column":null}},"80":{"start":{"line":186,"column":6},"end":{"line":191,"column":10}},"81":{"start":{"line":193,"column":6},"end":{"line":193,"column":68}},"82":{"start":{"line":195,"column":4},"end":{"line":195,"column":49}},"83":{"start":{"line":198,"column":21},"end":{"line":198,"column":31}},"84":{"start":{"line":201,"column":4},"end":{"line":214,"column":null}},"85":{"start":{"line":202,"column":21},"end":{"line":202,"column":37}},"86":{"start":{"line":203,"column":25},"end":{"line":203,"column":78}},"87":{"start":{"line":204,"column":6},"end":{"line":213,"column":null}},"88":{"start":{"line":205,"column":8},"end":{"line":205,"column":37}},"89":{"start":{"line":207,"column":8},"end":{"line":209,"column":10}},"90":{"start":{"line":208,"column":20},"end":{"line":208,"column":72}},"91":{"start":{"line":210,"column":8},"end":{"line":212,"column":null}},"92":{"start":{"line":211,"column":10},"end":{"line":211,"column":16}},"93":{"start":{"line":215,"column":4},"end":{"line":217,"column":null}},"94":{"start":{"line":216,"column":6},"end":{"line":216,"column":51}},"95":{"start":{"line":218,"column":4},"end":{"line":218,"column":26}},"96":{"start":{"line":222,"column":24},"end":{"line":222,"column":37}},"97":{"start":{"line":223,"column":18},"end":{"line":223,"column":22}},"98":{"start":{"line":224,"column":4},"end":{"line":229,"column":6}},"99":{"start":{"line":225,"column":6},"end":{"line":227,"column":null}},"100":{"start":{"line":226,"column":8},"end":{"line":226,"column":73}},"101":{"start":{"line":228,"column":6},"end":{"line":228,"column":46}},"102":{"start":{"line":236,"column":4},"end":{"line":238,"column":null}},"103":{"start":{"line":237,"column":6},"end":{"line":237,"column":64}},"104":{"start":{"line":240,"column":6},"end":{"line":241,"column":8}},"105":{"start":{"line":242,"column":4},"end":{"line":242,"column":27}},"106":{"start":{"line":243,"column":4},"end":{"line":246,"column":6}},"107":{"start":{"line":252,"column":34},"end":{"line":255,"column":null}},"108":{"start":{"line":257,"column":34},"end":{"line":257,"column":57}},"109":{"start":{"line":258,"column":4},"end":{"line":296,"column":null}},"110":{"start":{"line":260,"column":6},"end":{"line":272,"column":8}},"111":{"start":{"line":261,"column":8},"end":{"line":271,"column":11}},"112":{"start":{"line":263,"column":26},"end":{"line":266,"column":null}},"113":{"start":{"line":268,"column":10},"end":{"line":268,"column":59}},"114":{"start":{"line":270,"column":10},"end":{"line":270,"column":24}},"115":{"start":{"line":274,"column":6},"end":{"line":295,"column":8}},"116":{"start":{"line":281,"column":8},"end":{"line":294,"column":11}},"117":{"start":{"line":282,"column":25},"end":{"line":289,"column":26}},"118":{"start":{"line":290,"column":10},"end":{"line":292,"column":null}},"119":{"start":{"line":291,"column":12},"end":{"line":291,"column":69}},"120":{"start":{"line":293,"column":10},"end":{"line":293,"column":24}},"121":{"start":{"line":300,"column":4},"end":{"line":300,"column":32}},"122":{"start":{"line":301,"column":4},"end":{"line":301,"column":41}},"123":{"start":{"line":304,"column":4},"end":{"line":304,"column":24}},"124":{"start":{"line":307,"column":4},"end":{"line":311,"column":7}},"125":{"start":{"line":308,"column":6},"end":{"line":310,"column":24}},"126":{"start":{"line":309,"column":8},"end":{"line":309,"column":55}},"127":{"start":{"line":314,"column":31},"end":{"line":314,"column":53}},"128":{"start":{"line":315,"column":4},"end":{"line":326,"column":6}},"129":{"start":{"line":317,"column":8},"end":{"line":317,"column":41}},"130":{"start":{"line":319,"column":6},"end":{"line":323,"column":null}},"131":{"start":{"line":320,"column":8},"end":{"line":322,"column":null}},"132":{"start":{"line":321,"column":10},"end":{"line":321,"column":78}},"133":{"start":{"line":325,"column":6},"end":{"line":325,"column":19}},"134":{"start":{"line":25,"column":0},"end":{"line":25,"column":null}},"135":{"start":{"line":26,"column":13},"end":{"line":42,"column":40}},"136":{"start":{"line":26,"column":13},"end":{"line":26,"column":null}}},"fnMap":{"0":{"name":"(anonymous_14)","decl":{"start":{"line":34,"column":2},"end":{"line":34,"column":null}},"loc":{"start":{"line":43,"column":40},"end":{"line":44,"column":6}}},"1":{"name":"(anonymous_15)","decl":{"start":{"line":46,"column":8},"end":{"line":46,"column":35}},"loc":{"start":{"line":46,"column":35},"end":{"line":166,"column":null}}},"2":{"name":"(anonymous_17)","decl":{"start":{"line":51,"column":22},"end":{"line":51,"column":23}},"loc":{"start":{"line":51,"column":75},"end":{"line":57,"column":11}}},"3":{"name":"(anonymous_18)","decl":{"start":{"line":73,"column":36},"end":{"line":73,"column":37}},"loc":{"start":{"line":73,"column":51},"end":{"line":76,"column":7}}},"4":{"name":"(anonymous_19)","decl":{"start":{"line":78,"column":39},"end":{"line":78,"column":40}},"loc":{"start":{"line":78,"column":54},"end":{"line":81,"column":7}}},"5":{"name":"(anonymous_20)","decl":{"start":{"line":83,"column":13},"end":{"line":83,"column":14}},"loc":{"start":{"line":83,"column":23},"end":{"line":83,"column":35}}},"6":{"name":"(anonymous_21)","decl":{"start":{"line":87,"column":37},"end":{"line":87,"column":38}},"loc":{"start":{"line":87,"column":52},"end":{"line":90,"column":5}}},"7":{"name":"(anonymous_22)","decl":{"start":{"line":92,"column":26},"end":{"line":92,"column":27}},"loc":{"start":{"line":92,"column":41},"end":{"line":95,"column":5}}},"8":{"name":"(anonymous_23)","decl":{"start":{"line":97,"column":34},"end":{"line":97,"column":35}},"loc":{"start":{"line":97,"column":49},"end":{"line":100,"column":5}}},"9":{"name":"(anonymous_24)","decl":{"start":{"line":110,"column":37},"end":{"line":110,"column":38}},"loc":{"start":{"line":110,"column":52},"end":{"line":135,"column":5}}},"10":{"name":"(anonymous_25)","decl":{"start":{"line":113,"column":33},"end":{"line":113,"column":34}},"loc":{"start":{"line":113,"column":42},"end":{"line":119,"column":9}}},"11":{"name":"(anonymous_26)","decl":{"start":{"line":122,"column":31},"end":{"line":122,"column":32}},"loc":{"start":{"line":122,"column":42},"end":{"line":129,"column":10}}},"12":{"name":"(anonymous_27)","decl":{"start":{"line":145,"column":36},"end":{"line":145,"column":37}},"loc":{"start":{"line":145,"column":45},"end":{"line":150,"column":9}}},"13":{"name":"(anonymous_28)","decl":{"start":{"line":151,"column":34},"end":{"line":151,"column":35}},"loc":{"start":{"line":151,"column":43},"end":{"line":156,"column":9}}},"14":{"name":"(anonymous_29)","decl":{"start":{"line":168,"column":10},"end":{"line":168,"column":18}},"loc":{"start":{"line":168,"column":46},"end":{"line":173,"column":3}}},"15":{"name":"(anonymous_30)","decl":{"start":{"line":174,"column":16},"end":{"line":174,"column":30}},"loc":{"start":{"line":174,"column":30},"end":{"line":196,"column":null}}},"16":{"name":"(anonymous_32)","decl":{"start":{"line":197,"column":10},"end":{"line":197,"column":33}},"loc":{"start":{"line":197,"column":50},"end":{"line":219,"column":3}}},"17":{"name":"(anonymous_33)","decl":{"start":{"line":208,"column":10},"end":{"line":208,"column":11}},"loc":{"start":{"line":208,"column":20},"end":{"line":208,"column":72}}},"18":{"name":"(anonymous_34)","decl":{"start":{"line":221,"column":10},"end":{"line":221,"column":28}},"loc":{"start":{"line":221,"column":50},"end":{"line":230,"column":3}}},"19":{"name":"(anonymous_35)","decl":{"start":{"line":224,"column":20},"end":{"line":224,"column":30}},"loc":{"start":{"line":224,"column":38},"end":{"line":229,"column":5}}},"20":{"name":"(anonymous_36)","decl":{"start":{"line":231,"column":10},"end":{"line":231,"column":30}},"loc":{"start":{"line":234,"column":29},"end":{"line":247,"column":3}}},"21":{"name":"(anonymous_37)","decl":{"start":{"line":248,"column":10},"end":{"line":248,"column":35}},"loc":{"start":{"line":250,"column":36},"end":{"line":297,"column":3}}},"22":{"name":"(anonymous_38)","decl":{"start":{"line":260,"column":32},"end":{"line":260,"column":33}},"loc":{"start":{"line":260,"column":74},"end":{"line":272,"column":7}}},"23":{"name":"(anonymous_39)","decl":{"start":{"line":261,"column":31},"end":{"line":261,"column":32}},"loc":{"start":{"line":261,"column":40},"end":{"line":271,"column":9}}},"24":{"name":"(anonymous_40)","decl":{"start":{"line":274,"column":32},"end":{"line":274,"column":null}},"loc":{"start":{"line":280,"column":10},"end":{"line":295,"column":7}}},"25":{"name":"(anonymous_41)","decl":{"start":{"line":281,"column":31},"end":{"line":281,"column":32}},"loc":{"start":{"line":281,"column":40},"end":{"line":294,"column":9}}},"26":{"name":"(anonymous_42)","decl":{"start":{"line":299,"column":8},"end":{"line":299,"column":20}},"loc":{"start":{"line":299,"column":20},"end":{"line":302,"column":null}}},"27":{"name":"(anonymous_44)","decl":{"start":{"line":303,"column":2},"end":{"line":303,"column":12}},"loc":{"start":{"line":303,"column":12},"end":{"line":305,"column":3}}},"28":{"name":"(anonymous_45)","decl":{"start":{"line":306,"column":2},"end":{"line":306,"column":26}},"loc":{"start":{"line":306,"column":26},"end":{"line":312,"column":3}}},"29":{"name":"(anonymous_46)","decl":{"start":{"line":307,"column":45},"end":{"line":307,"column":46}},"loc":{"start":{"line":307,"column":58},"end":{"line":311,"column":5}}},"30":{"name":"(anonymous_47)","decl":{"start":{"line":313,"column":10},"end":{"line":313,"column":38}},"loc":{"start":{"line":313,"column":58},"end":{"line":327,"column":3}}},"31":{"name":"(anonymous_48)","decl":{"start":{"line":315,"column":29},"end":{"line":315,"column":39}},"loc":{"start":{"line":315,"column":52},"end":{"line":326,"column":5}}},"32":{"name":"MiniProgramApplicationAnalysisService_Factory","decl":{"start":{"line":26,"column":13},"end":{"line":26,"column":50}},"loc":{"start":{"line":26,"column":13},"end":{"line":42,"column":40}}}},"branchMap":{"0":{"loc":{"start":{"line":70,"column":4},"end":{"line":86,"column":null}},"type":"if","locations":[{"start":{"line":70,"column":4},"end":{"line":86,"column":null}},{"start":{"line":70,"column":4},"end":{"line":86,"column":null}}]},"1":{"loc":{"start":{"line":138,"column":6},"end":{"line":157,"column":null}},"type":"if","locations":[{"start":{"line":138,"column":6},"end":{"line":157,"column":null}},{"start":{"line":138,"column":6},"end":{"line":157,"column":null}}]},"2":{"loc":{"start":{"line":185,"column":4},"end":{"line":194,"column":null}},"type":"if","locations":[{"start":{"line":185,"column":4},"end":{"line":194,"column":null}},{"start":{"line":185,"column":4},"end":{"line":194,"column":null}}]},"3":{"loc":{"start":{"line":204,"column":6},"end":{"line":213,"column":null}},"type":"if","locations":[{"start":{"line":204,"column":6},"end":{"line":213,"column":null}},{"start":{"line":204,"column":6},"end":{"line":213,"column":null}}]},"4":{"loc":{"start":{"line":204,"column":10},"end":{"line":204,"column":41}},"type":"binary-expr","locations":[{"start":{"line":204,"column":10},"end":{"line":204,"column":20}},{"start":{"line":204,"column":24},"end":{"line":204,"column":41}}]},"5":{"loc":{"start":{"line":210,"column":8},"end":{"line":212,"column":null}},"type":"if","locations":[{"start":{"line":210,"column":8},"end":{"line":212,"column":null}},{"start":{"line":210,"column":8},"end":{"line":212,"column":null}}]},"6":{"loc":{"start":{"line":215,"column":4},"end":{"line":217,"column":null}},"type":"if","locations":[{"start":{"line":215,"column":4},"end":{"line":217,"column":null}},{"start":{"line":215,"column":4},"end":{"line":217,"column":null}}]},"7":{"loc":{"start":{"line":225,"column":6},"end":{"line":227,"column":null}},"type":"if","locations":[{"start":{"line":225,"column":6},"end":{"line":227,"column":null}},{"start":{"line":225,"column":6},"end":{"line":227,"column":null}}]},"8":{"loc":{"start":{"line":236,"column":4},"end":{"line":238,"column":null}},"type":"if","locations":[{"start":{"line":236,"column":4},"end":{"line":238,"column":null}},{"start":{"line":236,"column":4},"end":{"line":238,"column":null}}]},"9":{"loc":{"start":{"line":240,"column":6},"end":{"line":241,"column":8}},"type":"binary-expr","locations":[{"start":{"line":240,"column":6},"end":{"line":240,"column":75}},{"start":{"line":241,"column":6},"end":{"line":241,"column":8}}]},"10":{"loc":{"start":{"line":258,"column":4},"end":{"line":296,"column":null}},"type":"if","locations":[{"start":{"line":258,"column":4},"end":{"line":296,"column":null}},{"start":{"line":258,"column":4},"end":{"line":296,"column":null}}]},"11":{"loc":{"start":{"line":290,"column":10},"end":{"line":292,"column":null}},"type":"if","locations":[{"start":{"line":290,"column":10},"end":{"line":292,"column":null}},{"start":{"line":290,"column":10},"end":{"line":292,"column":null}}]},"12":{"loc":{"start":{"line":320,"column":8},"end":{"line":322,"column":null}},"type":"if","locations":[{"start":{"line":320,"column":8},"end":{"line":322,"column":null}},{"start":{"line":320,"column":8},"end":{"line":322,"column":null}}]},"13":{"loc":{"start":{"line":26,"column":13},"end":{"line":26,"column":50}},"type":"binary-expr","locations":[{"start":{"line":26,"column":13},"end":{"line":26,"column":50}},{"start":{"line":26,"column":13},"end":{"line":26,"column":50}}]}},"s":{"0":1,"1":1,"2":1,"3":1,"4":1,"5":1,"6":1,"7":1,"8":1,"9":1,"10":1,"11":10,"12":10,"13":10,"14":10,"15":10,"16":10,"17":10,"18":10,"19":10,"20":10,"21":10,"22":10,"23":10,"24":10,"25":10,"26":10,"27":10,"28":10,"29":10,"30":10,"31":10,"32":191,"33":191,"34":10,"35":191,"36":191,"37":10,"38":10,"39":10,"40":10,"41":191,"42":191,"43":10,"44":10,"45":191,"46":191,"47":10,"48":10,"49":191,"50":191,"51":10,"52":10,"53":10,"54":191,"55":191,"56":30,"57":30,"58":191,"59":80,"60":191,"61":10,"62":10,"63":10,"64":10,"65":0,"66":10,"67":10,"68":10,"69":10,"70":10,"71":10,"72":10,"73":10,"74":10,"75":10,"76":10,"77":10,"78":10,"79":10,"80":2,"81":8,"82":10,"83":663,"84":663,"85":1596,"86":1596,"87":1596,"88":933,"89":663,"90":7249,"91":663,"92":663,"93":663,"94":0,"95":663,"96":10,"97":10,"98":10,"99":4097,"100":1250,"101":4097,"102":5766,"103":0,"104":5766,"105":5766,"106":5766,"107":10,"108":10,"109":10,"110":0,"111":0,"112":0,"113":0,"114":0,"115":10,"116":2443,"117":8196,"118":8196,"119":5766,"120":8196,"121":10,"122":10,"123":10,"124":10,"125":0,"126":0,"127":10,"128":10,"129":22,"130":22,"131":7894,"132":633,"133":22,"134":1,"135":11,"136":1},"f":{"0":10,"1":10,"2":10,"3":191,"4":191,"5":10,"6":191,"7":191,"8":191,"9":191,"10":30,"11":80,"12":0,"13":10,"14":10,"15":10,"16":663,"17":7249,"18":10,"19":4097,"20":5766,"21":10,"22":0,"23":0,"24":2443,"25":8196,"26":10,"27":10,"28":10,"29":0,"30":10,"31":22,"32":10},"b":{"0":[10,0],"1":[10,0],"2":[2,8],"3":[933,663],"4":[1596,933],"5":[663,0],"6":[0,663],"7":[1250,2847],"8":[0,5766],"9":[5766,1602],"10":[0,10],"11":[5766,2430],"12":[633,7261],"13":[10,10]}}
,"/home/runner/work/angular-miniprogram/angular-miniprogram/src/builder/application/token.ts": {"path":"/home/runner/work/angular-miniprogram/angular-miniprogram/src/builder/application/token.ts","statementMap":{"0":{"start":{"line":1,"column":0},"end":{"line":1,"column":49}},"1":{"start":{"line":3,"column":13},"end":{"line":3,"column":69}},"2":{"start":{"line":4,"column":13},"end":{"line":4,"column":75}},"3":{"start":{"line":5,"column":13},"end":{"line":5,"column":61}},"4":{"start":{"line":6,"column":13},"end":{"line":6,"column":57}},"5":{"start":{"line":7,"column":13},"end":{"line":7,"column":77}},"6":{"start":{"line":8,"column":13},"end":{"line":8,"column":71}}},"fnMap":{},"branchMap":{},"s":{"0":1,"1":1,"2":1,"3":1,"4":1,"5":1,"6":1},"f":{},"b":{}}
,"/home/runner/work/angular-miniprogram/angular-miniprogram/src/builder/application/webpack-configuration-change.service.ts": {"path":"/home/runner/work/angular-miniprogram/angular-miniprogram/src/builder/application/webpack-configuration-change.service.ts","statementMap":{"0":{"start":{"line":7,"column":0},"end":{"line":7,"column":49}},"1":{"start":{"line":8,"column":0},"end":{"line":8,"column":29}},"2":{"start":{"line":9,"column":0},"end":{"line":9,"column":40}},"3":{"start":{"line":10,"column":0},"end":{"line":10,"column":55}},"4":{"start":{"line":11,"column":0},"end":{"line":11,"column":35}},"5":{"start":{"line":12,"column":0},"end":{"line":12,"column":39}},"6":{"start":{"line":13,"column":0},"end":{"line":13,"column":72}},"7":{"start":{"line":14,"column":0},"end":{"line":14,"column":52}},"8":{"start":{"line":15,"column":0},"end":{"line":15,"column":53}},"9":{"start":{"line":17,"column":0},"end":{"line":17,"column":79}},"10":{"start":{"line":18,"column":0},"end":{"line":18,"column":91}},"11":{"start":{"line":19,"column":0},"end":{"line":19,"column":78}},"12":{"start":{"line":20,"column":0},"end":{"line":20,"column":91}},"13":{"start":{"line":21,"column":0},"end":{"line":21,"column":42}},"14":{"start":{"line":39,"column":12},"end":{"line":39,"column":null}},"15":{"start":{"line":44,"column":12},"end":{"line":44,"column":35}},"16":{"start":{"line":45,"column":12},"end":{"line":45,"column":41}},"17":{"start":{"line":46,"column":12},"end":{"line":46,"column":30}},"18":{"start":{"line":49,"column":4},"end":{"line":79,"column":7}},"19":{"start":{"line":65,"column":12},"end":{"line":74,"column":14}},"20":{"start":{"line":80,"column":4},"end":{"line":80,"column":58}},"21":{"start":{"line":81,"column":4},"end":{"line":82,"column":55}},"22":{"start":{"line":83,"column":4},"end":{"line":83,"column":71}},"23":{"start":{"line":86,"column":4},"end":{"line":86,"column":35}},"24":{"start":{"line":87,"column":4},"end":{"line":87,"column":24}},"25":{"start":{"line":88,"column":4},"end":{"line":88,"column":28}},"26":{"start":{"line":89,"column":4},"end":{"line":89,"column":21}},"27":{"start":{"line":90,"column":4},"end":{"line":90,"column":32}},"28":{"start":{"line":91,"column":4},"end":{"line":91,"column":36}},"29":{"start":{"line":92,"column":4},"end":{"line":94,"column":6}},"30":{"start":{"line":95,"column":4},"end":{"line":100,"column":6}},"31":{"start":{"line":103,"column":4},"end":{"line":106,"column":null}},"32":{"start":{"line":104,"column":6},"end":{"line":104,"column":51}},"33":{"start":{"line":105,"column":6},"end":{"line":105,"column":47}},"34":{"start":{"line":109,"column":38},"end":{"line":110,"column":null}},"35":{"start":{"line":112,"column":4},"end":{"line":112,"column":43}},"36":{"start":{"line":113,"column":4},"end":{"line":121,"column":9}},"37":{"start":{"line":114,"column":29},"end":{"line":114,"column":35}},"38":{"start":{"line":116,"column":8},"end":{"line":116,"column":73}},"39":{"start":{"line":117,"column":8},"end":{"line":120,"column":10}},"40":{"start":{"line":122,"column":4},"end":{"line":122,"column":57}},"41":{"start":{"line":124,"column":24},"end":{"line":124,"column":62}},"42":{"start":{"line":125,"column":4},"end":{"line":133,"column":6}},"43":{"start":{"line":126,"column":19},"end":{"line":127,"column":null}},"44":{"start":{"line":127,"column":18},"end":{"line":127,"column":58}},"45":{"start":{"line":129,"column":6},"end":{"line":131,"column":null}},"46":{"start":{"line":130,"column":8},"end":{"line":130,"column":38}},"47":{"start":{"line":132,"column":6},"end":{"line":132,"column":25}},"48":{"start":{"line":136,"column":23},"end":{"line":137,"column":28}},"49":{"start":{"line":140,"column":8},"end":{"line":151,"column":6}},"50":{"start":{"line":144,"column":6},"end":{"line":149,"column":null}},"51":{"start":{"line":145,"column":38},"end":{"line":145,"column":67}},"52":{"start":{"line":148,"column":8},"end":{"line":148,"column":20}},"53":{"start":{"line":150,"column":6},"end":{"line":150,"column":30}},"54":{"start":{"line":152,"column":6},"end":{"line":167,"column":6}},"55":{"start":{"line":155,"column":21},"end":{"line":155,"column":46}},"56":{"start":{"line":156,"column":8},"end":{"line":161,"column":10}},"57":{"start":{"line":169,"column":25},"end":{"line":169,"column":52}},"58":{"start":{"line":170,"column":4},"end":{"line":181,"column":7}},"59":{"start":{"line":171,"column":6},"end":{"line":179,"column":null}},"60":{"start":{"line":172,"column":38},"end":{"line":172,"column":67}},"61":{"start":{"line":174,"column":10},"end":{"line":174,"column":61}},"62":{"start":{"line":178,"column":8},"end":{"line":178,"column":20}},"63":{"start":{"line":180,"column":6},"end":{"line":180,"column":19}},"64":{"start":{"line":182,"column":4},"end":{"line":188,"column":7}},"65":{"start":{"line":183,"column":6},"end":{"line":187,"column":8}},"66":{"start":{"line":186,"column":37},"end":{"line":186,"column":63}},"67":{"start":{"line":189,"column":4},"end":{"line":189,"column":44}},"68":{"start":{"line":192,"column":4},"end":{"line":194,"column":6}},"69":{"start":{"line":195,"column":4},"end":{"line":195,"column":77}},"70":{"start":{"line":199,"column":4},"end":{"line":204,"column":7}},"71":{"start":{"line":205,"column":4},"end":{"line":208,"column":7}},"72":{"start":{"line":209,"column":4},"end":{"line":214,"column":7}},"73":{"start":{"line":217,"column":49},"end":{"line":236,"column":6}},"74":{"start":{"line":237,"column":4},"end":{"line":241,"column":null}},"75":{"start":{"line":238,"column":6},"end":{"line":240,"column":66}},"76":{"start":{"line":242,"column":4},"end":{"line":242,"column":62}},"77":{"start":{"line":245,"column":18},"end":{"line":248,"column":null}},"78":{"start":{"line":247,"column":8},"end":{"line":248,"column":30}},"79":{"start":{"line":250,"column":4},"end":{"line":263,"column":null}},"80":{"start":{"line":252,"column":29},"end":{"line":252,"column":63}},"81":{"start":{"line":253,"column":30},"end":{"line":253,"column":67}},"82":{"start":{"line":254,"column":6},"end":{"line":260,"column":8}},"83":{"start":{"line":262,"column":6},"end":{"line":262,"column":64}},"84":{"start":{"line":33,"column":0},"end":{"line":33,"column":null}},"85":{"start":{"line":34,"column":13},"end":{"line":34,"column":null}}},"fnMap":{"0":{"name":"(anonymous_13)","decl":{"start":{"line":38,"column":2},"end":{"line":38,"column":null}},"loc":{"start":{"line":46,"column":30},"end":{"line":47,"column":6}}},"1":{"name":"(anonymous_14)","decl":{"start":{"line":48,"column":2},"end":{"line":48,"column":6}},"loc":{"start":{"line":48,"column":6},"end":{"line":84,"column":3}}},"2":{"name":"(anonymous_15)","decl":{"start":{"line":64,"column":22},"end":{"line":64,"column":23}},"loc":{"start":{"line":64,"column":55},"end":{"line":75,"column":11}}},"3":{"name":"(anonymous_16)","decl":{"start":{"line":85,"column":8},"end":{"line":85,"column":14}},"loc":{"start":{"line":85,"column":14},"end":{"line":101,"column":null}}},"4":{"name":"(anonymous_18)","decl":{"start":{"line":102,"column":10},"end":{"line":102,"column":33}},"loc":{"start":{"line":102,"column":33},"end":{"line":107,"column":3}}},"5":{"name":"(anonymous_19)","decl":{"start":{"line":108,"column":16},"end":{"line":108,"column":26}},"loc":{"start":{"line":108,"column":26},"end":{"line":190,"column":null}}},"6":{"name":"(anonymous_21)","decl":{"start":{"line":114,"column":19},"end":{"line":114,"column":20}},"loc":{"start":{"line":114,"column":29},"end":{"line":114,"column":35}}},"7":{"name":"(anonymous_22)","decl":{"start":{"line":115,"column":17},"end":{"line":115,"column":18}},"loc":{"start":{"line":115,"column":28},"end":{"line":121,"column":7}}},"8":{"name":"(anonymous_23)","decl":{"start":{"line":125,"column":35},"end":{"line":125,"column":36}},"loc":{"start":{"line":125,"column":49},"end":{"line":133,"column":5}}},"9":{"name":"(anonymous_24)","decl":{"start":{"line":127,"column":8},"end":{"line":127,"column":9}},"loc":{"start":{"line":127,"column":18},"end":{"line":127,"column":58}}},"10":{"name":"(anonymous_25)","decl":{"start":{"line":143,"column":15},"end":{"line":143,"column":16}},"loc":{"start":{"line":143,"column":25},"end":{"line":151,"column":5}}},"11":{"name":"(anonymous_26)","decl":{"start":{"line":145,"column":28},"end":{"line":145,"column":29}},"loc":{"start":{"line":145,"column":38},"end":{"line":145,"column":67}}},"12":{"name":"(anonymous_27)","decl":{"start":{"line":154,"column":12},"end":{"line":154,"column":13}},"loc":{"start":{"line":154,"column":45},"end":{"line":162,"column":7}}},"13":{"name":"(anonymous_28)","decl":{"start":{"line":170,"column":53},"end":{"line":170,"column":54}},"loc":{"start":{"line":170,"column":63},"end":{"line":181,"column":5}}},"14":{"name":"(anonymous_29)","decl":{"start":{"line":172,"column":28},"end":{"line":172,"column":29}},"loc":{"start":{"line":172,"column":38},"end":{"line":172,"column":67}}},"15":{"name":"(anonymous_30)","decl":{"start":{"line":173,"column":30},"end":{"line":173,"column":31}},"loc":{"start":{"line":174,"column":10},"end":{"line":174,"column":61}}},"16":{"name":"(anonymous_31)","decl":{"start":{"line":182,"column":52},"end":{"line":182,"column":53}},"loc":{"start":{"line":182,"column":69},"end":{"line":188,"column":5}}},"17":{"name":"(anonymous_32)","decl":{"start":{"line":186,"column":27},"end":{"line":186,"column":28}},"loc":{"start":{"line":186,"column":37},"end":{"line":186,"column":63}}},"18":{"name":"(anonymous_33)","decl":{"start":{"line":191,"column":10},"end":{"line":191,"column":22}},"loc":{"start":{"line":191,"column":22},"end":{"line":196,"column":3}}},"19":{"name":"(anonymous_34)","decl":{"start":{"line":198,"column":10},"end":{"line":198,"column":19}},"loc":{"start":{"line":198,"column":19},"end":{"line":215,"column":3}}},"20":{"name":"(anonymous_35)","decl":{"start":{"line":216,"column":10},"end":{"line":216,"column":30}},"loc":{"start":{"line":216,"column":30},"end":{"line":243,"column":3}}},"21":{"name":"(anonymous_36)","decl":{"start":{"line":244,"column":10},"end":{"line":244,"column":34}},"loc":{"start":{"line":244,"column":34},"end":{"line":264,"column":3}}},"22":{"name":"(anonymous_37)","decl":{"start":{"line":246,"column":6},"end":{"line":246,"column":7}},"loc":{"start":{"line":247,"column":8},"end":{"line":248,"column":30}}}},"branchMap":{"0":{"loc":{"start":{"line":82,"column":6},"end":{"line":82,"column":54}},"type":"binary-expr","locations":[{"start":{"line":82,"column":6},"end":{"line":82,"column":43}},{"start":{"line":82,"column":47},"end":{"line":82,"column":54}}]},"1":{"loc":{"start":{"line":92,"column":4},"end":{"line":93,"column":null}},"type":"cond-expr","locations":[{"start":{"line":92,"column":23},"end":{"line":92,"column":25}},{"start":{"line":92,"column":23},"end":{"line":93,"column":null}}]},"2":{"loc":{"start":{"line":92,"column":4},"end":{"line":92,"column":25}},"type":"binary-expr","locations":[{"start":{"line":92,"column":4},"end":{"line":92,"column":25}},{"start":{"line":92,"column":23},"end":{"line":92,"column":25}}]},"3":{"loc":{"start":{"line":95,"column":4},"end":{"line":99,"column":null}},"type":"cond-expr","locations":[{"start":{"line":95,"column":23},"end":{"line":95,"column":25}},{"start":{"line":95,"column":23},"end":{"line":99,"column":null}}]},"4":{"loc":{"start":{"line":95,"column":4},"end":{"line":95,"column":25}},"type":"binary-expr","locations":[{"start":{"line":95,"column":4},"end":{"line":95,"column":25}},{"start":{"line":95,"column":23},"end":{"line":95,"column":25}}]},"5":{"loc":{"start":{"line":103,"column":4},"end":{"line":106,"column":null}},"type":"if","locations":[{"start":{"line":103,"column":4},"end":{"line":106,"column":null}},{"start":{"line":103,"column":4},"end":{"line":106,"column":null}}]},"6":{"loc":{"start":{"line":104,"column":6},"end":{"line":104,"column":50}},"type":"cond-expr","locations":[{"start":{"line":104,"column":41},"end":{"line":104,"column":43}},{"start":{"line":104,"column":41},"end":{"line":104,"column":50}}]},"7":{"loc":{"start":{"line":104,"column":6},"end":{"line":104,"column":43}},"type":"binary-expr","locations":[{"start":{"line":104,"column":6},"end":{"line":104,"column":43}},{"start":{"line":104,"column":41},"end":{"line":104,"column":43}}]},"8":{"loc":{"start":{"line":104,"column":6},"end":{"line":104,"column":41}},"type":"cond-expr","locations":[{"start":{"line":104,"column":25},"end":{"line":104,"column":27}},{"start":{"line":104,"column":25},"end":{"line":104,"column":41}}]},"9":{"loc":{"start":{"line":104,"column":6},"end":{"line":104,"column":27}},"type":"binary-expr","locations":[{"start":{"line":104,"column":6},"end":{"line":104,"column":27}},{"start":{"line":104,"column":25},"end":{"line":104,"column":27}}]},"10":{"loc":{"start":{"line":105,"column":6},"end":{"line":105,"column":46}},"type":"cond-expr","locations":[{"start":{"line":105,"column":37},"end":{"line":105,"column":39}},{"start":{"line":105,"column":37},"end":{"line":105,"column":46}}]},"11":{"loc":{"start":{"line":105,"column":6},"end":{"line":105,"column":39}},"type":"binary-expr","locations":[{"start":{"line":105,"column":6},"end":{"line":105,"column":39}},{"start":{"line":105,"column":37},"end":{"line":105,"column":39}}]},"12":{"loc":{"start":{"line":105,"column":6},"end":{"line":105,"column":37}},"type":"cond-expr","locations":[{"start":{"line":105,"column":25},"end":{"line":105,"column":27}},{"start":{"line":105,"column":25},"end":{"line":105,"column":37}}]},"13":{"loc":{"start":{"line":105,"column":6},"end":{"line":105,"column":27}},"type":"binary-expr","locations":[{"start":{"line":105,"column":6},"end":{"line":105,"column":27}},{"start":{"line":105,"column":25},"end":{"line":105,"column":27}}]},"14":{"loc":{"start":{"line":122,"column":4},"end":{"line":122,"column":56}},"type":"cond-expr","locations":[{"start":{"line":122,"column":23},"end":{"line":122,"column":25}},{"start":{"line":122,"column":23},"end":{"line":122,"column":56}}]},"15":{"loc":{"start":{"line":122,"column":4},"end":{"line":122,"column":25}},"type":"binary-expr","locations":[{"start":{"line":122,"column":4},"end":{"line":122,"column":25}},{"start":{"line":122,"column":23},"end":{"line":122,"column":25}}]},"16":{"loc":{"start":{"line":129,"column":6},"end":{"line":131,"column":null}},"type":"if","locations":[{"start":{"line":129,"column":6},"end":{"line":131,"column":null}},{"start":{"line":129,"column":6},"end":{"line":131,"column":null}}]},"17":{"loc":{"start":{"line":144,"column":6},"end":{"line":149,"column":null}},"type":"if","locations":[{"start":{"line":144,"column":6},"end":{"line":149,"column":null}},{"start":{"line":144,"column":6},"end":{"line":149,"column":null}}]},"18":{"loc":{"start":{"line":145,"column":8},"end":{"line":146,"column":59}},"type":"binary-expr","locations":[{"start":{"line":145,"column":8},"end":{"line":145,"column":68}},{"start":{"line":146,"column":8},"end":{"line":146,"column":59}}]},"19":{"loc":{"start":{"line":157,"column":10},"end":{"line":160,"column":null}},"type":"binary-expr","locations":[{"start":{"line":157,"column":11},"end":{"line":157,"column":15}},{"start":{"line":158,"column":12},"end":{"line":158,"column":32}},{"start":{"line":159,"column":12},"end":{"line":159,"column":48}},{"start":{"line":160,"column":10},"end":{"line":160,"column":53}}]},"20":{"loc":{"start":{"line":160,"column":10},"end":{"line":160,"column":53}},"type":"cond-expr","locations":[{"start":{"line":160,"column":14},"end":{"line":160,"column":16}},{"start":{"line":160,"column":10},"end":{"line":160,"column":53}}]},"21":{"loc":{"start":{"line":160,"column":10},"end":{"line":160,"column":16}},"type":"binary-expr","locations":[{"start":{"line":160,"column":10},"end":{"line":160,"column":16}},{"start":{"line":160,"column":10},"end":{"line":160,"column":16}}]},"22":{"loc":{"start":{"line":171,"column":6},"end":{"line":179,"column":null}},"type":"if","locations":[{"start":{"line":171,"column":6},"end":{"line":179,"column":null}},{"start":{"line":171,"column":6},"end":{"line":179,"column":null}}]},"23":{"loc":{"start":{"line":172,"column":8},"end":{"line":176,"column":59}},"type":"binary-expr","locations":[{"start":{"line":172,"column":8},"end":{"line":172,"column":68}},{"start":{"line":173,"column":8},"end":{"line":174,"column":null}},{"start":{"line":176,"column":8},"end":{"line":176,"column":59}}]},"24":{"loc":{"start":{"line":205,"column":4},"end":{"line":208,"column":6}},"type":"cond-expr","locations":[{"start":{"line":205,"column":29},"end":{"line":205,"column":31}},{"start":{"line":205,"column":29},"end":{"line":208,"column":6}}]},"25":{"loc":{"start":{"line":205,"column":4},"end":{"line":205,"column":31}},"type":"binary-expr","locations":[{"start":{"line":205,"column":4},"end":{"line":205,"column":31}},{"start":{"line":205,"column":29},"end":{"line":205,"column":31}}]},"26":{"loc":{"start":{"line":205,"column":4},"end":{"line":205,"column":29}},"type":"cond-expr","locations":[{"start":{"line":205,"column":22},"end":{"line":205,"column":24}},{"start":{"line":205,"column":22},"end":{"line":205,"column":29}}]},"27":{"loc":{"start":{"line":205,"column":4},"end":{"line":205,"column":24}},"type":"binary-expr","locations":[{"start":{"line":205,"column":4},"end":{"line":205,"column":24}},{"start":{"line":205,"column":22},"end":{"line":205,"column":24}}]},"28":{"loc":{"start":{"line":209,"column":4},"end":{"line":214,"column":6}},"type":"cond-expr","locations":[{"start":{"line":209,"column":29},"end":{"line":209,"column":31}},{"start":{"line":209,"column":29},"end":{"line":214,"column":6}}]},"29":{"loc":{"start":{"line":209,"column":4},"end":{"line":209,"column":31}},"type":"binary-expr","locations":[{"start":{"line":209,"column":4},"end":{"line":209,"column":31}},{"start":{"line":209,"column":29},"end":{"line":209,"column":31}}]},"30":{"loc":{"start":{"line":209,"column":4},"end":{"line":209,"column":29}},"type":"cond-expr","locations":[{"start":{"line":209,"column":22},"end":{"line":209,"column":24}},{"start":{"line":209,"column":22},"end":{"line":209,"column":29}}]},"31":{"loc":{"start":{"line":209,"column":4},"end":{"line":209,"column":24}},"type":"binary-expr","locations":[{"start":{"line":209,"column":4},"end":{"line":209,"column":24}},{"start":{"line":209,"column":22},"end":{"line":209,"column":24}}]},"32":{"loc":{"start":{"line":237,"column":4},"end":{"line":241,"column":null}},"type":"if","locations":[{"start":{"line":237,"column":4},"end":{"line":241,"column":null}},{"start":{"line":237,"column":4},"end":{"line":241,"column":null}}]},"33":{"loc":{"start":{"line":250,"column":4},"end":{"line":263,"column":null}},"type":"if","locations":[{"start":{"line":250,"column":4},"end":{"line":263,"column":null}},{"start":{"line":250,"column":4},"end":{"line":263,"column":null}}]},"34":{"loc":{"start":{"line":254,"column":6},"end":{"line":259,"column":null}},"type":"cond-expr","locations":[{"start":{"line":254,"column":25},"end":{"line":254,"column":27}},{"start":{"line":254,"column":25},"end":{"line":259,"column":null}}]},"35":{"loc":{"start":{"line":254,"column":6},"end":{"line":254,"column":27}},"type":"binary-expr","locations":[{"start":{"line":254,"column":6},"end":{"line":254,"column":27}},{"start":{"line":254,"column":25},"end":{"line":254,"column":27}}]}},"s":{"0":1,"1":1,"2":1,"3":1,"4":1,"5":1,"6":1,"7":1,"8":1,"9":1,"10":1,"11":1,"12":1,"13":1,"14":9,"15":9,"16":9,"17":9,"18":9,"19":9,"20":9,"21":9,"22":9,"23":9,"24":9,"25":9,"26":9,"27":9,"28":9,"29":9,"30":9,"31":9,"32":1,"33":1,"34":9,"35":9,"36":9,"37":190,"38":181,"39":181,"40":9,"41":9,"42":9,"43":291,"44":3830,"45":291,"46":191,"47":100,"48":9,"49":9,"50":772,"51":9254,"52":752,"53":20,"54":9,"55":2873,"56":2873,"57":9,"58":9,"59":291,"60":3830,"61":100,"62":251,"63":40,"64":9,"65":10,"66":40,"67":9,"68":9,"69":9,"70":9,"71":9,"72":9,"73":9,"74":9,"75":8,"76":9,"77":9,"78":76,"79":9,"80":9,"81":9,"82":9,"83":0,"84":1,"85":1},"f":{"0":9,"1":9,"2":9,"3":9,"4":9,"5":9,"6":190,"7":181,"8":291,"9":3830,"10":772,"11":9254,"12":2873,"13":291,"14":3830,"15":100,"16":10,"17":40,"18":9,"19":9,"20":9,"21":9,"22":76},"b":{"0":[9,8],"1":[0,9],"2":[9,9],"3":[0,9],"4":[9,9],"5":[1,8],"6":[0,1],"7":[1,1],"8":[0,1],"9":[1,1],"10":[0,1],"11":[1,1],"12":[0,1],"13":[1,1],"14":[0,9],"15":[9,9],"16":[191,100],"17":[752,20],"18":[772,170],"19":[2873,2833,683,2190],"20":[40,2150],"21":[2190,2150],"22":[251,40],"23":[291,100,90],"24":[0,9],"25":[9,9],"26":[0,9],"27":[9,9],"28":[0,9],"29":[9,9],"30":[0,9],"31":[9,9],"32":[8,1],"33":[9,0],"34":[0,9],"35":[9,9]}}
,"/home/runner/work/angular-miniprogram/angular-miniprogram/src/builder/application/loader/component-template.loader.ts": {"path":"/home/runner/work/angular-miniprogram/angular-miniprogram/src/builder/application/loader/component-template.loader.ts","statementMap":{"0":{"start":{"line":2,"column":0},"end":{"line":2,"column":83}},"1":{"start":{"line":10,"column":19},"end":{"line":10,"column":31}},"2":{"start":{"line":11,"column":21},"end":{"line":11,"column":43}},"3":{"start":{"line":13,"column":2},"end":{"line":16,"column":null}},"4":{"start":{"line":14,"column":4},"end":{"line":14,"column":35}},"5":{"start":{"line":15,"column":4},"end":{"line":15,"column":11}},"6":{"start":{"line":18,"column":2},"end":{"line":18,"column":42}},"7":{"start":{"line":4,"column":0},"end":{"line":4,"column":null}}},"fnMap":{"0":{"name":"default_1","decl":{"start":{"line":4,"column":0},"end":{"line":4,"column":null}},"loc":{"start":{"line":8,"column":13},"end":{"line":19,"column":null}}}},"branchMap":{"0":{"loc":{"start":{"line":13,"column":2},"end":{"line":16,"column":null}},"type":"if","locations":[{"start":{"line":13,"column":2},"end":{"line":16,"column":null}},{"start":{"line":13,"column":2},"end":{"line":16,"column":null}}]},"1":{"loc":{"start":{"line":13,"column":6},"end":{"line":13,"column":70}},"type":"binary-expr","locations":[{"start":{"line":13,"column":6},"end":{"line":13,"column":33}},{"start":{"line":13,"column":37},"end":{"line":13,"column":70}}]}},"s":{"0":1,"1":633,"2":633,"3":633,"4":442,"5":442,"6":191,"7":1},"f":{"0":633},"b":{"0":[442,191],"1":[633,633]}}
,"/home/runner/work/angular-miniprogram/angular-miniprogram/src/builder/application/loader/library-template.loader.ts": {"path":"/home/runner/work/angular-miniprogram/angular-miniprogram/src/builder/application/loader/library-template.loader.ts","statementMap":{"0":{"start":{"line":2,"column":0},"end":{"line":2,"column":56}},"1":{"start":{"line":7,"column":0},"end":{"line":7,"column":55}},"2":{"start":{"line":9,"column":0},"end":{"line":9,"column":56}},"3":{"start":{"line":10,"column":0},"end":{"line":10,"column":44}},"4":{"start":{"line":11,"column":0},"end":{"line":11,"column":63}},"5":{"start":{"line":19,"column":19},"end":{"line":19,"column":31}},"6":{"start":{"line":20,"column":19},"end":{"line":20,"column":47}},"7":{"start":{"line":21,"column":30},"end":{"line":21,"column":72}},"8":{"start":{"line":22,"column":24},"end":{"line":22,"column":51}},"9":{"start":{"line":23,"column":32},"end":{"line":24,"column":null}},"10":{"start":{"line":26,"column":27},"end":{"line":27,"column":null}},"11":{"start":{"line":29,"column":2},"end":{"line":47,"column":null}},"12":{"start":{"line":30,"column":20},"end":{"line":30,"column":59}},"13":{"start":{"line":31,"column":38},"end":{"line":31,"column":61}},"14":{"start":{"line":33,"column":4},"end":{"line":46,"column":6}},"15":{"start":{"line":48,"column":30},"end":{"line":49,"column":null}},"16":{"start":{"line":51,"column":2},"end":{"line":64,"column":null}},"17":{"start":{"line":52,"column":20},"end":{"line":52,"column":62}},"18":{"start":{"line":53,"column":54},"end":{"line":53,"column":77}},"19":{"start":{"line":55,"column":4},"end":{"line":63,"column":null}},"20":{"start":{"line":56,"column":6},"end":{"line":62,"column":null}},"21":{"start":{"line":57,"column":24},"end":{"line":57,"column":35}},"22":{"start":{"line":58,"column":8},"end":{"line":61,"column":11}},"23":{"start":{"line":65,"column":2},"end":{"line":65,"column":33}},"24":{"start":{"line":14,"column":0},"end":{"line":14,"column":null}}},"fnMap":{"0":{"name":"default_1","decl":{"start":{"line":14,"column":0},"end":{"line":14,"column":null}},"loc":{"start":{"line":17,"column":13},"end":{"line":66,"column":null}}}},"branchMap":{"0":{"loc":{"start":{"line":29,"column":2},"end":{"line":47,"column":null}},"type":"if","locations":[{"start":{"line":29,"column":2},"end":{"line":47,"column":null}},{"start":{"line":29,"column":2},"end":{"line":47,"column":null}}]},"1":{"loc":{"start":{"line":51,"column":2},"end":{"line":64,"column":null}},"type":"if","locations":[{"start":{"line":51,"column":2},"end":{"line":64,"column":null}},{"start":{"line":51,"column":2},"end":{"line":64,"column":null}}]},"2":{"loc":{"start":{"line":56,"column":6},"end":{"line":62,"column":null}},"type":"if","locations":[{"start":{"line":56,"column":6},"end":{"line":62,"column":null}},{"start":{"line":56,"column":6},"end":{"line":62,"column":null}}]}},"s":{"0":1,"1":1,"2":1,"3":1,"4":1,"5":79,"6":79,"7":79,"8":79,"9":79,"10":79,"11":79,"12":10,"13":10,"14":10,"15":79,"16":79,"17":0,"18":0,"19":0,"20":0,"21":0,"22":0,"23":79,"24":1},"f":{"0":79},"b":{"0":[10,69],"1":[0,79],"2":[0,0]}}
,"/home/runner/work/angular-miniprogram/angular-miniprogram/src/builder/application/loader/library.loader.ts": {"path":"/home/runner/work/angular-miniprogram/angular-miniprogram/src/builder/application/loader/library.loader.ts","statementMap":{"0":{"start":{"line":2,"column":0},"end":{"line":2,"column":73}},"1":{"start":{"line":4,"column":0},"end":{"line":4,"column":56}},"2":{"start":{"line":11,"column":0},"end":{"line":11,"column":null}},"3":{"start":{"line":16,"column":0},"end":{"line":16,"column":70}},"4":{"start":{"line":17,"column":0},"end":{"line":17,"column":null}},"5":{"start":{"line":32,"column":19},"end":{"line":32,"column":31}},"6":{"start":{"line":33,"column":19},"end":{"line":33,"column":47}},"7":{"start":{"line":34,"column":15},"end":{"line":34,"column":64}},"8":{"start":{"line":35,"column":2},"end":{"line":38,"column":null}},"9":{"start":{"line":36,"column":4},"end":{"line":36,"column":35}},"10":{"start":{"line":37,"column":4},"end":{"line":37,"column":11}},"11":{"start":{"line":39,"column":51},"end":{"line":40,"column":null}},"12":{"start":{"line":42,"column":32},"end":{"line":43,"column":null}},"13":{"start":{"line":45,"column":63},"end":{"line":45,"column":65}},"14":{"start":{"line":46,"column":2},"end":{"line":141,"column":null}},"15":{"start":{"line":46,"column":15},"end":{"line":46,"column":16}},"16":{"start":{"line":47,"column":20},"end":{"line":47,"column":50}},"17":{"start":{"line":49,"column":6},"end":{"line":50,"column":26}},"18":{"start":{"line":51,"column":22},"end":{"line":52,"column":null}},"19":{"start":{"line":54,"column":4},"end":{"line":56,"column":null}},"20":{"start":{"line":55,"column":6},"end":{"line":55,"column":15}},"21":{"start":{"line":57,"column":20},"end":{"line":57,"column":52}},"22":{"start":{"line":58,"column":45},"end":{"line":58,"column":68}},"23":{"start":{"line":59,"column":5},"end":{"line":60,"column":54}},"24":{"start":{"line":62,"column":6},"end":{"line":63,"column":20}},"25":{"start":{"line":64,"column":4},"end":{"line":65,"column":49}},"26":{"start":{"line":66,"column":4},"end":{"line":71,"column":7}},"27":{"start":{"line":72,"column":24},"end":{"line":72,"column":70}},"28":{"start":{"line":73,"column":4},"end":{"line":140,"column":7}},"29":{"start":{"line":74,"column":33},"end":{"line":77,"column":null}},"30":{"start":{"line":79,"column":31},"end":{"line":79,"column":70}},"31":{"start":{"line":80,"column":25},"end":{"line":82,"column":null}},"32":{"start":{"line":84,"column":19},"end":{"line":84,"column":58}},"33":{"start":{"line":85,"column":6},"end":{"line":90,"column":9}},"34":{"start":{"line":92,"column":6},"end":{"line":92,"column":47}},"35":{"start":{"line":94,"column":8},"end":{"line":105,"column":10}},"36":{"start":{"line":106,"column":6},"end":{"line":116,"column":8}},"37":{"start":{"line":117,"column":6},"end":{"line":130,"column":null}},"38":{"start":{"line":118,"column":8},"end":{"line":129,"column":10}},"39":{"start":{"line":131,"column":6},"end":{"line":139,"column":null}},"40":{"start":{"line":132,"column":8},"end":{"line":138,"column":10}},"41":{"start":{"line":142,"column":2},"end":{"line":147,"column":null}},"42":{"start":{"line":143,"column":4},"end":{"line":146,"column":null}},"43":{"start":{"line":144,"column":22},"end":{"line":144,"column":42}},"44":{"start":{"line":145,"column":6},"end":{"line":145,"column":70}},"45":{"start":{"line":148,"column":2},"end":{"line":148,"column":33}},"46":{"start":{"line":26,"column":0},"end":{"line":26,"column":null}}},"fnMap":{"0":{"name":"default_1","decl":{"start":{"line":26,"column":0},"end":{"line":26,"column":null}},"loc":{"start":{"line":30,"column":13},"end":{"line":149,"column":null}}},"1":{"name":"(anonymous_9)","decl":{"start":{"line":73,"column":49},"end":{"line":73,"column":50}},"loc":{"start":{"line":73,"column":58},"end":{"line":140,"column":5}}}},"branchMap":{"0":{"loc":{"start":{"line":35,"column":2},"end":{"line":38,"column":null}},"type":"if","locations":[{"start":{"line":35,"column":2},"end":{"line":38,"column":null}},{"start":{"line":35,"column":2},"end":{"line":38,"column":null}}]},"1":{"loc":{"start":{"line":54,"column":4},"end":{"line":56,"column":null}},"type":"if","locations":[{"start":{"line":54,"column":4},"end":{"line":56,"column":null}},{"start":{"line":54,"column":4},"end":{"line":56,"column":null}}]},"2":{"loc":{"start":{"line":60,"column":7},"end":{"line":60,"column":53}},"type":"binary-expr","locations":[{"start":{"line":60,"column":7},"end":{"line":60,"column":47}},{"start":{"line":60,"column":51},"end":{"line":60,"column":53}}]},"3":{"loc":{"start":{"line":65,"column":6},"end":{"line":65,"column":48}},"type":"binary-expr","locations":[{"start":{"line":65,"column":6},"end":{"line":65,"column":42}},{"start":{"line":65,"column":46},"end":{"line":65,"column":48}}]},"4":{"loc":{"start":{"line":84,"column":19},"end":{"line":84,"column":58}},"type":"binary-expr","locations":[{"start":{"line":84,"column":19},"end":{"line":84,"column":52}},{"start":{"line":84,"column":56},"end":{"line":84,"column":58}}]},"5":{"loc":{"start":{"line":117,"column":6},"end":{"line":130,"column":null}},"type":"if","locations":[{"start":{"line":117,"column":6},"end":{"line":130,"column":null}},{"start":{"line":117,"column":6},"end":{"line":130,"column":null}}]},"6":{"loc":{"start":{"line":131,"column":6},"end":{"line":139,"column":null}},"type":"if","locations":[{"start":{"line":131,"column":6},"end":{"line":139,"column":null}},{"start":{"line":131,"column":6},"end":{"line":139,"column":null}}]},"7":{"loc":{"start":{"line":143,"column":4},"end":{"line":146,"column":null}},"type":"if","locations":[{"start":{"line":143,"column":4},"end":{"line":146,"column":null}},{"start":{"line":143,"column":4},"end":{"line":146,"column":null}}]}},"s":{"0":1,"1":1,"2":1,"3":1,"4":1,"5":79,"6":79,"7":79,"8":79,"9":60,"10":60,"11":19,"12":19,"13":19,"14":19,"15":19,"16":59,"17":59,"18":59,"19":59,"20":9,"21":50,"22":50,"23":50,"24":50,"25":50,"26":50,"27":50,"28":50,"29":150,"30":150,"31":150,"32":150,"33":150,"34":150,"35":150,"36":150,"37":150,"38":0,"39":150,"40":10,"41":19,"42":10,"43":10,"44":10,"45":19,"46":1},"f":{"0":79,"1":150},"b":{"0":[60,19],"1":[9,50],"2":[50,0],"3":[50,10],"4":[150,10],"5":[0,150],"6":[10,140],"7":[10,0]}}
,"/home/runner/work/angular-miniprogram/angular-miniprogram/src/builder/application/plugin/dynamic-library-entry.plugin.ts": {"path":"/home/runner/work/angular-miniprogram/angular-miniprogram/src/builder/application/plugin/dynamic-library-entry.plugin.ts","statementMap":{"0":{"start":{"line":2,"column":0},"end":{"line":2,"column":55}},"1":{"start":{"line":3,"column":0},"end":{"line":3,"column":24}},"2":{"start":{"line":4,"column":0},"end":{"line":4,"column":45}},"3":{"start":{"line":5,"column":0},"end":{"line":5,"column":35}},"4":{"start":{"line":6,"column":0},"end":{"line":6,"column":55}},"5":{"start":{"line":9,"column":0},"end":{"line":9,"column":41}},"6":{"start":{"line":12,"column":19},"end":{"line":12,"column":28}},"7":{"start":{"line":13,"column":23},"end":{"line":13,"column":65}},"8":{"start":{"line":17,"column":22},"end":{"line":17,"column":50}},"9":{"start":{"line":16,"column":10},"end":{"line":16,"column":77}},"10":{"start":{"line":19,"column":4},"end":{"line":91,"column":6}},"11":{"start":{"line":22,"column":9},"end":{"line":24,"column":51}},"12":{"start":{"line":25,"column":22},"end":{"line":25,"column":79}},"13":{"start":{"line":26,"column":8},"end":{"line":45,"column":12}},"14":{"start":{"line":31,"column":43},"end":{"line":31,"column":69}},"15":{"start":{"line":32,"column":25},"end":{"line":32,"column":63}},"16":{"start":{"line":33,"column":34},"end":{"line":33,"column":66}},"17":{"start":{"line":35,"column":14},"end":{"line":42,"column":16}},"18":{"start":{"line":43,"column":14},"end":{"line":43,"column":21}},"19":{"start":{"line":46,"column":8},"end":{"line":89,"column":10}},"20":{"start":{"line":50,"column":14},"end":{"line":51,"column":28}},"21":{"start":{"line":52,"column":12},"end":{"line":55,"column":null}},"22":{"start":{"line":53,"column":14},"end":{"line":53,"column":34}},"23":{"start":{"line":54,"column":14},"end":{"line":54,"column":21}},"24":{"start":{"line":56,"column":12},"end":{"line":60,"column":null}},"25":{"start":{"line":57,"column":14},"end":{"line":59,"column":17}},"26":{"start":{"line":58,"column":16},"end":{"line":58,"column":60}},"27":{"start":{"line":62,"column":12},"end":{"line":65,"column":null}},"28":{"start":{"line":63,"column":14},"end":{"line":63,"column":34}},"29":{"start":{"line":64,"column":14},"end":{"line":64,"column":21}},"30":{"start":{"line":66,"column":20},"end":{"line":66,"column":21}},"31":{"start":{"line":67,"column":12},"end":{"line":87,"column":15}},"32":{"start":{"line":68,"column":28},"end":{"line":70,"column":null}},"33":{"start":{"line":72,"column":26},"end":{"line":74,"column":null}},"34":{"start":{"line":76,"column":14},"end":{"line":86,"column":16}},"35":{"start":{"line":81,"column":18},"end":{"line":81,"column":22}},"36":{"start":{"line":82,"column":18},"end":{"line":84,"column":null}},"37":{"start":{"line":83,"column":20},"end":{"line":83,"column":40}},"38":{"start":{"line":14,"column":0},"end":{"line":14,"column":null}},"39":{"start":{"line":15,"column":13},"end":{"line":15,"column":null}}},"fnMap":{"0":{"name":"(anonymous_7)","decl":{"start":{"line":17,"column":2},"end":{"line":17,"column":22}},"loc":{"start":{"line":17,"column":50},"end":{"line":17,"column":54}}},"1":{"name":"(anonymous_8)","decl":{"start":{"line":18,"column":2},"end":{"line":18,"column":7}},"loc":{"start":{"line":18,"column":34},"end":{"line":92,"column":3}}},"2":{"name":"(anonymous_9)","decl":{"start":{"line":21,"column":6},"end":{"line":21,"column":7}},"loc":{"start":{"line":21,"column":26},"end":{"line":90,"column":7}}},"3":{"name":"(anonymous_10)","decl":{"start":{"line":30,"column":12},"end":{"line":30,"column":13}},"loc":{"start":{"line":30,"column":45},"end":{"line":44,"column":13}}},"4":{"name":"(anonymous_11)","decl":{"start":{"line":48,"column":10},"end":{"line":48,"column":11}},"loc":{"start":{"line":48,"column":36},"end":{"line":88,"column":11}}},"5":{"name":"(anonymous_12)","decl":{"start":{"line":57,"column":59},"end":{"line":57,"column":60}},"loc":{"start":{"line":57,"column":68},"end":{"line":59,"column":15}}},"6":{"name":"(anonymous_13)","decl":{"start":{"line":67,"column":45},"end":{"line":67,"column":46}},"loc":{"start":{"line":67,"column":54},"end":{"line":87,"column":13}}},"7":{"name":"(anonymous_14)","decl":{"start":{"line":80,"column":16},"end":{"line":80,"column":17}},"loc":{"start":{"line":80,"column":32},"end":{"line":85,"column":17}}},"8":{"name":"DynamicLibraryComponentEntryPlugin_Factory","decl":{"start":{"line":15,"column":13},"end":{"line":15,"column":47}},"loc":{"start":{"line":15,"column":13},"end":{"line":15,"column":null}}}},"branchMap":{"0":{"loc":{"start":{"line":22,"column":51},"end":{"line":24,"column":50}},"type":"binary-expr","locations":[{"start":{"line":22,"column":51},"end":{"line":23,"column":null}},{"start":{"line":24,"column":13},"end":{"line":24,"column":50}}]},"1":{"loc":{"start":{"line":39,"column":40},"end":{"line":39,"column":64}},"type":"cond-expr","locations":[{"start":{"line":39,"column":51},"end":{"line":39,"column":53}},{"start":{"line":39,"column":40},"end":{"line":39,"column":64}}]},"2":{"loc":{"start":{"line":39,"column":40},"end":{"line":39,"column":53}},"type":"binary-expr","locations":[{"start":{"line":39,"column":40},"end":{"line":39,"column":53}},{"start":{"line":39,"column":40},"end":{"line":39,"column":53}}]},"3":{"loc":{"start":{"line":40,"column":44},"end":{"line":40,"column":66}},"type":"cond-expr","locations":[{"start":{"line":40,"column":55},"end":{"line":40,"column":57}},{"start":{"line":40,"column":44},"end":{"line":40,"column":66}}]},"4":{"loc":{"start":{"line":40,"column":44},"end":{"line":40,"column":57}},"type":"binary-expr","locations":[{"start":{"line":40,"column":44},"end":{"line":40,"column":57}},{"start":{"line":40,"column":44},"end":{"line":40,"column":57}}]},"5":{"loc":{"start":{"line":52,"column":12},"end":{"line":55,"column":null}},"type":"if","locations":[{"start":{"line":52,"column":12},"end":{"line":55,"column":null}},{"start":{"line":52,"column":12},"end":{"line":55,"column":null}}]},"6":{"loc":{"start":{"line":56,"column":12},"end":{"line":60,"column":null}},"type":"if","locations":[{"start":{"line":56,"column":12},"end":{"line":60,"column":null}},{"start":{"line":56,"column":12},"end":{"line":60,"column":null}}]},"7":{"loc":{"start":{"line":62,"column":12},"end":{"line":65,"column":null}},"type":"if","locations":[{"start":{"line":62,"column":12},"end":{"line":65,"column":null}},{"start":{"line":62,"column":12},"end":{"line":65,"column":null}}]},"8":{"loc":{"start":{"line":82,"column":18},"end":{"line":84,"column":null}},"type":"if","locations":[{"start":{"line":82,"column":18},"end":{"line":84,"column":null}},{"start":{"line":82,"column":18},"end":{"line":84,"column":null}}]},"9":{"loc":{"start":{"line":15,"column":13},"end":{"line":15,"column":47}},"type":"binary-expr","locations":[{"start":{"line":15,"column":13},"end":{"line":15,"column":47}},{"start":{"line":15,"column":13},"end":{"line":15,"column":47}}]}},"s":{"0":1,"1":1,"2":1,"3":1,"4":1,"5":1,"6":1,"7":1,"8":9,"9":9,"10":9,"11":10,"12":10,"13":10,"14":45,"15":45,"16":45,"17":45,"18":45,"19":10,"20":11,"21":11,"22":1,"23":1,"24":10,"25":10,"26":50,"27":10,"28":0,"29":0,"30":10,"31":10,"32":50,"33":50,"34":50,"35":50,"36":50,"37":10,"38":1,"39":11},"f":{"0":9,"1":9,"2":10,"3":45,"4":11,"5":50,"6":50,"7":50,"8":9},"b":{"0":[10,10],"1":[0,45],"2":[45,45],"3":[0,45],"4":[45,45],"5":[1,10],"6":[10,0],"7":[0,10],"8":[10,40],"9":[9,9]}}
,"/home/runner/work/angular-miniprogram/angular-miniprogram/src/builder/application/plugin/dynamic-watch-entry.plugin.ts": {"path":"/home/runner/work/angular-miniprogram/angular-miniprogram/src/builder/application/plugin/dynamic-watch-entry.plugin.ts","statementMap":{"0":{"start":{"line":3,"column":0},"end":{"line":3,"column":81}},"1":{"start":{"line":4,"column":0},"end":{"line":4,"column":79}},"2":{"start":{"line":5,"column":0},"end":{"line":5,"column":29}},"3":{"start":{"line":6,"column":0},"end":{"line":6,"column":29}},"4":{"start":{"line":7,"column":0},"end":{"line":7,"column":39}},"5":{"start":{"line":8,"column":0},"end":{"line":8,"column":45}},"6":{"start":{"line":14,"column":2},"end":{"line":16,"column":4}},"7":{"start":{"line":15,"column":4},"end":{"line":15,"column":74}},"8":{"start":{"line":15,"column":46},"end":{"line":15,"column":72}},"9":{"start":{"line":33,"column":12},"end":{"line":33,"column":null}},"10":{"start":{"line":40,"column":12},"end":{"line":40,"column":40}},"11":{"start":{"line":22,"column":2},"end":{"line":28,"column":15}},"12":{"start":{"line":29,"column":10},"end":{"line":29,"column":23}},"13":{"start":{"line":44,"column":6},"end":{"line":44,"column":72}},"14":{"start":{"line":45,"column":4},"end":{"line":47,"column":null}},"15":{"start":{"line":46,"column":6},"end":{"line":46,"column":56}},"16":{"start":{"line":48,"column":28},"end":{"line":49,"column":null}},"17":{"start":{"line":51,"column":4},"end":{"line":58,"column":6}},"18":{"start":{"line":59,"column":31},"end":{"line":59,"column":79}},"19":{"start":{"line":61,"column":6},"end":{"line":63,"column":19}},"20":{"start":{"line":64,"column":4},"end":{"line":68,"column":null}},"21":{"start":{"line":65,"column":6},"end":{"line":67,"column":9}},"22":{"start":{"line":70,"column":30},"end":{"line":70,"column":78}},"23":{"start":{"line":71,"column":4},"end":{"line":89,"column":6}},"24":{"start":{"line":71,"column":43},"end":{"line":89,"column":6}},"25":{"start":{"line":72,"column":27},"end":{"line":72,"column":51}},"26":{"start":{"line":73,"column":6},"end":{"line":75,"column":null}},"27":{"start":{"line":74,"column":8},"end":{"line":74,"column":33}},"28":{"start":{"line":76,"column":19},"end":{"line":76,"column":76}},"29":{"start":{"line":77,"column":6},"end":{"line":81,"column":null}},"30":{"start":{"line":78,"column":8},"end":{"line":80,"column":10}},"31":{"start":{"line":82,"column":6},"end":{"line":87,"column":null}},"32":{"start":{"line":85,"column":10},"end":{"line":85,"column":41}},"33":{"start":{"line":86,"column":10},"end":{"line":86,"column":21}},"34":{"start":{"line":92,"column":4},"end":{"line":102,"column":6}},"35":{"start":{"line":94,"column":28},"end":{"line":101,"column":null}},"36":{"start":{"line":95,"column":8},"end":{"line":100,"column":11}},"37":{"start":{"line":103,"column":4},"end":{"line":123,"column":6}},"38":{"start":{"line":106,"column":8},"end":{"line":121,"column":null}},"39":{"start":{"line":107,"column":10},"end":{"line":107,"column":29}},"40":{"start":{"line":108,"column":30},"end":{"line":112,"column":null}},"41":{"start":{"line":114,"column":10},"end":{"line":120,"column":null}},"42":{"start":{"line":115,"column":24},"end":{"line":117,"column":null}},"43":{"start":{"line":119,"column":12},"end":{"line":119,"column":50}},"44":{"start":{"line":126,"column":24},"end":{"line":130,"column":null}},"45":{"start":{"line":132,"column":38},"end":{"line":132,"column":40}},"46":{"start":{"line":133,"column":4},"end":{"line":179,"column":null}},"47":{"start":{"line":134,"column":18},"end":{"line":136,"column":null}},"48":{"start":{"line":139,"column":20},"end":{"line":145,"column":8}},"49":{"start":{"line":147,"column":6},"end":{"line":178,"column":8}},"50":{"start":{"line":149,"column":22},"end":{"line":157,"column":null}},"51":{"start":{"line":159,"column":10},"end":{"line":162,"column":12}},"52":{"start":{"line":164,"column":12},"end":{"line":164,"column":77}},"53":{"start":{"line":165,"column":10},"end":{"line":167,"column":34}},"54":{"start":{"line":168,"column":10},"end":{"line":169,"column":76}},"55":{"start":{"line":170,"column":10},"end":{"line":171,"column":76}},"56":{"start":{"line":172,"column":10},"end":{"line":173,"column":78}},"57":{"start":{"line":174,"column":10},"end":{"line":175,"column":77}},"58":{"start":{"line":176,"column":10},"end":{"line":176,"column":39}},"59":{"start":{"line":180,"column":4},"end":{"line":180,"column":22}},"60":{"start":{"line":18,"column":0},"end":{"line":18,"column":null}},"61":{"start":{"line":19,"column":13},"end":{"line":19,"column":null}}},"fnMap":{"0":{"name":"globAsync","decl":{"start":{"line":13,"column":9},"end":{"line":13,"column":18}},"loc":{"start":{"line":13,"column":58},"end":{"line":17,"column":1}}},"1":{"name":"(anonymous_14)","decl":{"start":{"line":14,"column":31},"end":{"line":14,"column":32}},"loc":{"start":{"line":15,"column":4},"end":{"line":15,"column":74}}},"2":{"name":"(anonymous_15)","decl":{"start":{"line":15,"column":35},"end":{"line":15,"column":36}},"loc":{"start":{"line":15,"column":46},"end":{"line":15,"column":72}}},"3":{"name":"(anonymous_16)","decl":{"start":{"line":32,"column":2},"end":{"line":32,"column":null}},"loc":{"start":{"line":40,"column":40},"end":{"line":41,"column":6}}},"4":{"name":"(anonymous_17)","decl":{"start":{"line":42,"column":8},"end":{"line":42,"column":12}},"loc":{"start":{"line":42,"column":12},"end":{"line":90,"column":null}}},"5":{"name":"(anonymous_19)","decl":{"start":{"line":71,"column":32},"end":{"line":71,"column":41}},"loc":{"start":{"line":71,"column":43},"end":{"line":89,"column":6}}},"6":{"name":"(anonymous_20)","decl":{"start":{"line":71,"column":43},"end":{"line":71,"column":null}},"loc":{"start":{"line":71,"column":43},"end":{"line":89,"column":5}}},"7":{"name":"(anonymous_21)","decl":{"start":{"line":84,"column":23},"end":{"line":84,"column":24}},"loc":{"start":{"line":84,"column":36},"end":{"line":87,"column":9}}},"8":{"name":"(anonymous_22)","decl":{"start":{"line":91,"column":2},"end":{"line":91,"column":7}},"loc":{"start":{"line":91,"column":34},"end":{"line":124,"column":3}}},"9":{"name":"(anonymous_23)","decl":{"start":{"line":94,"column":6},"end":{"line":94,"column":13}},"loc":{"start":{"line":94,"column":28},"end":{"line":101,"column":null}}},"10":{"name":"(anonymous_24)","decl":{"start":{"line":94,"column":28},"end":{"line":94,"column":null}},"loc":{"start":{"line":94,"column":28},"end":{"line":101,"column":7}}},"11":{"name":"(anonymous_25)","decl":{"start":{"line":105,"column":6},"end":{"line":105,"column":7}},"loc":{"start":{"line":105,"column":22},"end":{"line":122,"column":7}}},"12":{"name":"(anonymous_26)","decl":{"start":{"line":125,"column":16},"end":{"line":125,"column":34}},"loc":{"start":{"line":125,"column":55},"end":{"line":181,"column":null}}},"13":{"name":"(anonymous_28)","decl":{"start":{"line":148,"column":21},"end":{"line":148,"column":22}},"loc":{"start":{"line":148,"column":30},"end":{"line":177,"column":9}}}},"branchMap":{"0":{"loc":{"start":{"line":15,"column":46},"end":{"line":15,"column":72}},"type":"cond-expr","locations":[{"start":{"line":15,"column":50},"end":{"line":15,"column":59}},{"start":{"line":15,"column":62},"end":{"line":15,"column":72}}]},"1":{"loc":{"start":{"line":44,"column":6},"end":{"line":44,"column":72}},"type":"binary-expr","locations":[{"start":{"line":44,"column":6},"end":{"line":44,"column":33}},{"start":{"line":44,"column":37},"end":{"line":44,"column":72}}]},"2":{"loc":{"start":{"line":45,"column":4},"end":{"line":47,"column":null}},"type":"if","locations":[{"start":{"line":45,"column":4},"end":{"line":47,"column":null}},{"start":{"line":45,"column":4},"end":{"line":47,"column":null}}]},"3":{"loc":{"start":{"line":55,"column":21},"end":{"line":55,"column":58}},"type":"binary-expr","locations":[{"start":{"line":55,"column":21},"end":{"line":55,"column":52}},{"start":{"line":55,"column":56},"end":{"line":55,"column":58}}]},"4":{"loc":{"start":{"line":61,"column":6},"end":{"line":63,"column":19}},"type":"cond-expr","locations":[{"start":{"line":62,"column":10},"end":{"line":62,"column":76}},{"start":{"line":63,"column":10},"end":{"line":63,"column":19}}]},"5":{"loc":{"start":{"line":64,"column":4},"end":{"line":68,"column":null}},"type":"if","locations":[{"start":{"line":64,"column":4},"end":{"line":68,"column":null}},{"start":{"line":64,"column":4},"end":{"line":68,"column":null}}]},"6":{"loc":{"start":{"line":73,"column":6},"end":{"line":75,"column":null}},"type":"if","locations":[{"start":{"line":73,"column":6},"end":{"line":75,"column":null}},{"start":{"line":73,"column":6},"end":{"line":75,"column":null}}]},"7":{"loc":{"start":{"line":77,"column":6},"end":{"line":81,"column":null}},"type":"if","locations":[{"start":{"line":77,"column":6},"end":{"line":81,"column":null}},{"start":{"line":77,"column":6},"end":{"line":81,"column":null}}]},"8":{"loc":{"start":{"line":96,"column":50},"end":{"line":96,"column":74}},"type":"binary-expr","locations":[{"start":{"line":96,"column":50},"end":{"line":96,"column":68}},{"start":{"line":96,"column":72},"end":{"line":96,"column":74}}]},"9":{"loc":{"start":{"line":98,"column":12},"end":{"line":98,"column":41}},"type":"binary-expr","locations":[{"start":{"line":98,"column":12},"end":{"line":98,"column":35}},{"start":{"line":98,"column":39},"end":{"line":98,"column":41}}]},"10":{"loc":{"start":{"line":106,"column":8},"end":{"line":121,"column":null}},"type":"if","locations":[{"start":{"line":106,"column":8},"end":{"line":121,"column":null}},{"start":{"line":106,"column":8},"end":{"line":121,"column":null}}]},"11":{"loc":{"start":{"line":109,"column":17},"end":{"line":109,"column":41}},"type":"binary-expr","locations":[{"start":{"line":109,"column":17},"end":{"line":109,"column":35}},{"start":{"line":109,"column":39},"end":{"line":109,"column":41}}]},"12":{"loc":{"start":{"line":109,"column":48},"end":{"line":109,"column":77}},"type":"binary-expr","locations":[{"start":{"line":109,"column":48},"end":{"line":109,"column":71}},{"start":{"line":109,"column":75},"end":{"line":109,"column":77}}]},"13":{"loc":{"start":{"line":143,"column":16},"end":{"line":143,"column":36}},"type":"binary-expr","locations":[{"start":{"line":143,"column":16},"end":{"line":143,"column":30}},{"start":{"line":143,"column":34},"end":{"line":143,"column":36}}]}},"s":{"0":1,"1":1,"2":1,"3":1,"4":1,"5":1,"6":362,"7":362,"8":362,"9":9,"10":9,"11":9,"12":9,"13":9,"14":9,"15":0,"16":9,"17":9,"18":9,"19":9,"20":9,"21":9,"22":9,"23":9,"24":10,"25":10,"26":10,"27":0,"28":10,"29":10,"30":0,"31":10,"32":191,"33":191,"34":9,"35":181,"36":181,"37":9,"38":10,"39":9,"40":9,"41":9,"42":18,"43":18,"44":362,"45":362,"46":362,"47":362,"48":362,"49":362,"50":3440,"51":3440,"52":3440,"53":3440,"54":3440,"55":3440,"56":3440,"57":3440,"58":3440,"59":362,"60":1,"61":1},"f":{"0":362,"1":362,"2":362,"3":9,"4":9,"5":10,"6":10,"7":191,"8":9,"9":181,"10":181,"11":10,"12":362,"13":3440},"b":{"0":[0,362],"1":[9,9],"2":[0,9],"3":[9,0],"4":[9,0],"5":[9,0],"6":[0,10],"7":[0,10],"8":[181,0],"9":[181,0],"10":[9,1],"11":[9,0],"12":[9,0],"13":[362,362]}}
[...]
,"/home/runner/work/angular-miniprogram/angular-miniprogram/src/builder/platform/zjtd/zj.transform.ts": {"path":"/home/runner/work/angular-miniprogram/angular-miniprogram/src/builder/platform/zjtd/zj.transform.ts","statementMap":{"0":{"start":{"line":1,"column":0},"end":{"line":1,"column":45}},"1":{"start":{"line":2,"column":0},"end":{"line":2,"column":91}},"2":{"start":{"line":6,"column":2},"end":{"line":6,"column":25}},"3":{"start":{"line":4,"column":0},"end":{"line":4,"column":null}},"4":{"start":{"line":5,"column":13},"end":{"line":5,"column":25}}},"fnMap":{"0":{"name":"(anonymous_6)","decl":{"start":{"line":4,"column":0},"end":{"line":4,"column":null}},"loc":{"start":{"line":4,"column":0},"end":{"line":7,"column":null}}},"1":{"name":"(anonymous_7)","decl":{"start":{"line":5,"column":13},"end":{"line":5,"column":24}},"loc":{"start":{"line":5,"column":13},"end":{"line":5,"column":25}}}},"branchMap":{"0":{"loc":{"start":{"line":5,"column":13},"end":{"line":5,"column":25}},"type":"binary-expr","locations":[{"start":{"line":5,"column":13},"end":{"line":5,"column":24}},{"start":{"line":5,"column":13},"end":{"line":5,"column":25}}]},"1":{"loc":{"start":{"line":5,"column":24},"end":{"line":5,"column":23}},"type":"binary-expr","locations":[{"start":{"line":5,"column":24},"end":{"line":5,"column":25}},{"start":{"line":5,"column":13},"end":{"line":5,"column":24}}]}},"s":{"0":1,"1":1,"2":2,"3":1,"4":5},"f":{"0":2,"1":3},"b":{"0":[2,1],"1":[2,2]}}
,"/home/runner/work/angular-miniprogram/angular-miniprogram/src/builder/token/component.token.ts": {"path":"/home/runner/work/angular-miniprogram/angular-miniprogram/src/builder/token/component.token.ts","statementMap":{"0":{"start":{"line":1,"column":0},"end":{"line":1,"column":49}},"1":{"start":{"line":3,"column":13},"end":{"line":3,"column":67}}},"fnMap":{},"branchMap":{},"s":{"0":1,"1":1},"f":{},"b":{}}
,"/home/runner/work/angular-miniprogram/angular-miniprogram/src/builder/util/index.ts": {"path":"/home/runner/work/angular-miniprogram/angular-miniprogram/src/builder/util/index.ts","statementMap":{"0":{"start":{"line":1,"column":0},"end":{"line":1,"column":46}},"1":{"start":{"line":2,"column":0},"end":{"line":2,"column":34}},"2":{"start":{"line":3,"column":0},"end":{"line":3,"column":27}},"3":{"start":{"line":4,"column":0},"end":{"line":4,"column":30}},"4":{"start":{"line":5,"column":0},"end":{"line":5,"column":29}}},"fnMap":{},"branchMap":{},"s":{"0":1,"1":1,"2":1,"3":1,"4":1},"f":{},"b":{}}
,"/home/runner/work/angular-miniprogram/angular-miniprogram/src/builder/util/library-template-scope-name.ts": {"path":"/home/runner/work/angular-miniprogram/angular-miniprogram/src/builder/util/library-template-scope-name.ts","statementMap":{"0":{"start":{"line":1,"column":0},"end":{"line":1,"column":47}},"1":{"start":{"line":4,"column":2},"end":{"line":4,"column":56}},"2":{"start":{"line":3,"column":0},"end":{"line":3,"column":16}}},"fnMap":{"0":{"name":"libraryTemplateScopeName","decl":{"start":{"line":3,"column":16},"end":{"line":3,"column":40}},"loc":{"start":{"line":3,"column":56},"end":{"line":5,"column":1}}}},"branchMap":{},"s":{"0":1,"1":150,"2":1},"f":{"0":150},"b":{}}
,"/home/runner/work/angular-miniprogram/angular-miniprogram/src/builder/util/literal-resolve.ts": {"path":"/home/runner/work/angular-miniprogram/angular-miniprogram/src/builder/util/literal-resolve.ts","statementMap":{"0":{"start":{"line":2,"column":0},"end":{"line":2,"column":41}},"1":{"start":{"line":8,"column":2},"end":{"line":8,"column":59}},"2":{"start":{"line":4,"column":0},"end":{"line":4,"column":16}}},"fnMap":{"0":{"name":"literalResolve","decl":{"start":{"line":4,"column":16},"end":{"line":4,"column":30}},"loc":{"start":{"line":6,"column":13},"end":{"line":9,"column":1}}}},"branchMap":{},"s":{"0":1,"1":664,"2":1},"f":{"0":664},"b":{}}
,"/home/runner/work/angular-miniprogram/angular-miniprogram/src/builder/util/load_esm.ts": {"path":"/home/runner/work/angular-miniprogram/angular-miniprogram/src/builder/util/load_esm.ts","statementMap":{"0":{"start":{"line":2,"column":26},"end":{"line":5,"column":15}},"1":{"start":{"line":9,"column":2},"end":{"line":13,"column":null}},"2":{"start":{"line":10,"column":4},"end":{"line":10,"column":35}},"3":{"start":{"line":12,"column":4},"end":{"line":12,"column":27}},"4":{"start":{"line":16,"column":13},"end":{"line":17,"column":73}},"5":{"start":{"line":18,"column":13},"end":{"line":20,"column":27}}},"fnMap":{"0":{"name":"loadEsmModule","decl":{"start":{"line":1,"column":15},"end":{"line":1,"column":28}},"loc":{"start":{"line":1,"column":50},"end":{"line":14,"column":null}}}},"branchMap":{"0":{"loc":{"start":{"line":9,"column":2},"end":{"line":13,"column":null}},"type":"if","locations":[{"start":{"line":9,"column":2},"end":{"line":13,"column":null}},{"start":{"line":9,"column":2},"end":{"line":13,"column":null}}]}},"s":{"0":2,"1":2,"2":0,"3":2,"4":1,"5":1},"f":{"0":2},"b":{"0":[0,2]}}
,"/home/runner/work/angular-miniprogram/angular-miniprogram/src/builder/util/raw-updater.ts": {"path":"/home/runner/work/angular-miniprogram/angular-miniprogram/src/builder/util/raw-updater.ts","statementMap":{"0":{"start":{"line":1,"column":0},"end":{"line":1,"column":null}},"1":{"start":{"line":14,"column":22},"end":{"line":14,"column":37}},"2":{"start":{"line":14,"column":47},"end":{"line":14,"column":64}},"3":{"start":{"line":15,"column":4},"end":{"line":15,"column":33}},"4":{"start":{"line":10,"column":4},"end":{"line":10,"column":54}},"5":{"start":{"line":10,"column":35},"end":{"line":10,"column":52}},"6":{"start":{"line":11,"column":4},"end":{"line":11,"column":52}},"7":{"start":{"line":18,"column":4},"end":{"line":40,"column":7}},"8":{"start":{"line":21,"column":6},"end":{"line":28,"column":null}},"9":{"start":{"line":22,"column":8},"end":{"line":22,"column":70}},"10":{"start":{"line":23,"column":8},"end":{"line":23,"column":69}},"11":{"start":{"line":24,"column":13},"end":{"line":28,"column":null}},"12":{"start":{"line":25,"column":8},"end":{"line":25,"column":30}},"13":{"start":{"line":26,"column":13},"end":{"line":28,"column":null}},"14":{"start":{"line":27,"column":8},"end":{"line":27,"column":30}},"15":{"start":{"line":30,"column":6},"end":{"line":32,"column":null}},"16":{"start":{"line":31,"column":8},"end":{"line":31,"column":67}},"17":{"start":{"line":33,"column":6},"end":{"line":38,"column":null}},"18":{"start":{"line":34,"column":8},"end":{"line":34,"column":46}},"19":{"start":{"line":35,"column":8},"end":{"line":35,"column":48}},"20":{"start":{"line":36,"column":13},"end":{"line":38,"column":null}},"21":{"start":{"line":37,"column":8},"end":{"line":37,"column":48}},"22":{"start":{"line":39,"column":6},"end":{"line":39,"column":35}},"23":{"start":{"line":41,"column":4},"end":{"line":41,"column":24}},"24":{"start":{"line":44,"column":4},"end":{"line":47,"column":6}},"25":{"start":{"line":8,"column":0},"end":{"line":8,"column":13}}},"fnMap":{"0":{"name":"(anonymous_0)","decl":{"start":{"line":14,"column":2},"end":{"line":14,"column":22}},"loc":{"start":{"line":14,"column":64},"end":{"line":16,"column":3}}},"1":{"name":"(anonymous_1)","decl":{"start":{"line":9,"column":2},"end":{"line":9,"column":8}},"loc":{"start":{"line":9,"column":49},"end":{"line":12,"column":3}}},"2":{"name":"(anonymous_2)","decl":{"start":{"line":10,"column":25},"end":{"line":10,"column":26}},"loc":{"start":{"line":10,"column":35},"end":{"line":10,"column":52}}},"3":{"name":"(anonymous_3)","decl":{"start":{"line":17,"column":2},"end":{"line":17,"column":8}},"loc":{"start":{"line":17,"column":8},"end":{"line":42,"column":3}}},"4":{"name":"(anonymous_4)","decl":{"start":{"line":18,"column":25},"end":{"line":18,"column":26}},"loc":{"start":{"line":18,"column":36},"end":{"line":40,"column":5}}},"5":{"name":"(anonymous_5)","decl":{"start":{"line":43,"column":10},"end":{"line":43,"column":15}},"loc":{"start":{"line":43,"column":47},"end":{"line":48,"column":3}}}},"branchMap":{"0":{"loc":{"start":{"line":21,"column":6},"end":{"line":28,"column":null}},"type":"if","locations":[{"start":{"line":21,"column":6},"end":{"line":28,"column":null}},{"start":{"line":21,"column":6},"end":{"line":28,"column":null}}]},"1":{"loc":{"start":{"line":24,"column":13},"end":{"line":28,"column":null}},"type":"if","locations":[{"start":{"line":24,"column":13},"end":{"line":28,"column":null}},{"start":{"line":24,"column":13},"end":{"line":28,"column":null}}]},"2":{"loc":{"start":{"line":26,"column":13},"end":{"line":28,"column":null}},"type":"if","locations":[{"start":{"line":26,"column":13},"end":{"line":28,"column":null}},{"start":{"line":26,"column":13},"end":{"line":28,"column":null}}]},"3":{"loc":{"start":{"line":30,"column":6},"end":{"line":32,"column":null}},"type":"if","locations":[{"start":{"line":30,"column":6},"end":{"line":32,"column":null}},{"start":{"line":30,"column":6},"end":{"line":32,"column":null}}]},"4":{"loc":{"start":{"line":33,"column":6},"end":{"line":38,"column":null}},"type":"if","locations":[{"start":{"line":33,"column":6},"end":{"line":38,"column":null}},{"start":{"line":33,"column":6},"end":{"line":38,"column":null}}]},"5":{"loc":{"start":{"line":33,"column":10},"end":{"line":33,"column":31}},"type":"binary-expr","locations":[{"start":{"line":33,"column":10},"end":{"line":33,"column":15}},{"start":{"line":33,"column":19},"end":{"line":33,"column":31}}]},"6":{"loc":{"start":{"line":36,"column":13},"end":{"line":38,"column":null}},"type":"if","locations":[{"start":{"line":36,"column":13},"end":{"line":38,"column":null}},{"start":{"line":36,"column":13},"end":{"line":38,"column":null}}]},"7":{"loc":{"start":{"line":43,"column":29},"end":{"line":43,"column":47}},"type":"default-arg","locations":[{"start":{"line":43,"column":46},"end":{"line":43,"column":47}}]}},"s":{"0":1,"1":201,"2":201,"3":201,"4":201,"5":398,"6":201,"7":201,"8":597,"9":4,"10":4,"11":593,"12":589,"13":4,"14":4,"15":597,"16":8,"17":597,"18":589,"19":589,"20":8,"21":4,"22":597,"23":201,"24":597,"25":1},"f":{"0":201,"1":201,"2":398,"3":201,"4":597,"5":597},"b":{"0":[4,593],"1":[589,4],"2":[4,0],"3":[8,589],"4":[589,8],"5":[597,589],"6":[4,4],"7":[589]}}
,"/home/runner/work/angular-miniprogram/angular-miniprogram/src/builder/util/run-script.ts": {"path":"/home/runner/work/angular-miniprogram/angular-miniprogram/src/builder/util/run-script.ts","statementMap":{"0":{"start":{"line":2,"column":0},"end":{"line":2,"column":20}},"1":{"start":{"line":5,"column":2},"end":{"line":9,"column":null}},"2":{"start":{"line":6,"column":4},"end":{"line":6,"column":45}},"3":{"start":{"line":8,"column":4},"end":{"line":8,"column":28}},"4":{"start":{"line":4,"column":0},"end":{"line":4,"column":16}}},"fnMap":{"0":{"name":"runScript","decl":{"start":{"line":4,"column":16},"end":{"line":4,"column":25}},"loc":{"start":{"line":4,"column":60},"end":{"line":10,"column":1}}}},"branchMap":{},"s":{"0":1,"1":664,"2":664,"3":0,"4":1},"f":{"0":664},"b":{}}
,"/home/runner/work/angular-miniprogram/angular-miniprogram/src/library/platform/default/agent-node.ts": {"path":"/home/runner/work/angular-miniprogram/angular-miniprogram/src/library/platform/default/agent-node.ts","statementMap":{"0":{"start":{"line":18,"column":21},"end":{"line":18,"column":57}},"1":{"start":{"line":11,"column":2},"end":{"line":11,"column":41}},"2":{"start":{"line":12,"column":2},"end":{"line":12,"column":37}},"3":{"start":{"line":13,"column":2},"end":{"line":13,"column":41}},"4":{"start":{"line":14,"column":2},"end":{"line":14,"column":32}},"5":{"start":{"line":16,"column":2},"end":{"line":16,"column":29}},"6":{"start":{"line":17,"column":2},"end":{"line":17,"column":42}},"7":{"start":{"line":20,"column":27},"end":{"line":20,"column":51}},"8":{"start":{"line":21,"column":4},"end":{"line":21,"column":30}},"9":{"start":{"line":22,"column":4},"end":{"line":22,"column":24}},"10":{"start":{"line":23,"column":4},"end":{"line":25,"column":null}},"11":{"start":{"line":24,"column":6},"end":{"line":24,"column":56}},"12":{"start":{"line":28,"column":22},"end":{"line":28,"column":33}},"13":{"start":{"line":29,"column":4},"end":{"line":35,"column":null}},"14":{"start":{"line":30,"column":20},"end":{"line":30,"column":73}},"15":{"start":{"line":30,"column":59},"end":{"line":30,"column":72}},"16":{"start":{"line":31,"column":6},"end":{"line":33,"column":null}},"17":{"start":{"line":32,"column":8},"end":{"line":32,"column":49}},"18":{"start":{"line":34,"column":6},"end":{"line":34,"column":42}},"19":{"start":{"line":36,"column":4},"end":{"line":36,"column":29}},"20":{"start":{"line":39,"column":21},"end":{"line":39,"column":73}},"21":{"start":{"line":39,"column":55},"end":{"line":39,"column":72}},"22":{"start":{"line":40,"column":4},"end":{"line":42,"column":null}},"23":{"start":{"line":41,"column":6},"end":{"line":41,"column":45}},"24":{"start":{"line":44,"column":4},"end":{"line":49,"column":null}},"25":{"start":{"line":45,"column":6},"end":{"line":45,"column":38}},"26":{"start":{"line":47,"column":6},"end":{"line":47,"column":57}},"27":{"start":{"line":48,"column":6},"end":{"line":48,"column":38}},"28":{"start":{"line":50,"column":4},"end":{"line":50,"column":48}},"29":{"start":{"line":53,"column":18},"end":{"line":53,"column":67}},"30":{"start":{"line":53,"column":52},"end":{"line":53,"column":66}},"31":{"start":{"line":54,"column":4},"end":{"line":62,"column":null}},"32":{"start":{"line":55,"column":6},"end":{"line":55,"column":28}},"33":{"start":{"line":56,"column":11},"end":{"line":62,"column":null}},"34":{"start":{"line":57,"column":6},"end":{"line":57,"column":55}},"35":{"start":{"line":58,"column":6},"end":{"line":58,"column":26}},"36":{"start":{"line":60,"column":6},"end":{"line":60,"column":70}},"37":{"start":{"line":61,"column":6},"end":{"line":61,"column":37}},"38":{"start":{"line":63,"column":4},"end":{"line":63,"column":34}},"39":{"start":{"line":64,"column":4},"end":{"line":64,"column":29}},"40":{"start":{"line":67,"column":4},"end":{"line":83,"column":null}},"41":{"start":{"line":68,"column":6},"end":{"line":68,"column":35}},"42":{"start":{"line":70,"column":6},"end":{"line":82,"column":8}},"43":{"start":{"line":77,"column":37},"end":{"line":77,"column":56}},"44":{"start":{"line":6,"column":0},"end":{"line":6,"column":13}}},"fnMap":{"0":{"name":"(anonymous_0)","decl":{"start":{"line":18,"column":2},"end":{"line":18,"column":21}},"loc":{"start":{"line":18,"column":57},"end":{"line":18,"column":61}}},"1":{"name":"(anonymous_1)","decl":{"start":{"line":19,"column":2},"end":{"line":19,"column":13}},"loc":{"start":{"line":19,"column":30},"end":{"line":26,"column":3}}},"2":{"name":"(anonymous_2)","decl":{"start":{"line":27,"column":2},"end":{"line":27,"column":11}},"loc":{"start":{"line":27,"column":29},"end":{"line":37,"column":3}}},"3":{"name":"(anonymous_3)","decl":{"start":{"line":30,"column":49},"end":{"line":30,"column":50}},"loc":{"start":{"line":30,"column":59},"end":{"line":30,"column":72}}},"4":{"name":"(anonymous_4)","decl":{"start":{"line":38,"column":2},"end":{"line":38,"column":14}},"loc":{"start":{"line":38,"column":55},"end":{"line":51,"column":3}}},"5":{"name":"(anonymous_5)","decl":{"start":{"line":39,"column":45},"end":{"line":39,"column":46}},"loc":{"start":{"line":39,"column":55},"end":{"line":39,"column":72}}},"6":{"name":"(anonymous_6)","decl":{"start":{"line":52,"column":2},"end":{"line":52,"column":13}},"loc":{"start":{"line":52,"column":30},"end":{"line":65,"column":3}}},"7":{"name":"(anonymous_7)","decl":{"start":{"line":53,"column":42},"end":{"line":53,"column":43}},"loc":{"start":{"line":53,"column":52},"end":{"line":53,"column":66}}},"8":{"name":"(anonymous_8)","decl":{"start":{"line":66,"column":2},"end":{"line":66,"column":8}},"loc":{"start":{"line":66,"column":8},"end":{"line":84,"column":3}}},"9":{"name":"(anonymous_9)","decl":{"start":{"line":77,"column":17},"end":{"line":77,"column":18}},"loc":{"start":{"line":77,"column":37},"end":{"line":77,"column":56}}}},"branchMap":{"0":{"loc":{"start":{"line":23,"column":4},"end":{"line":25,"column":null}},"type":"if","locations":[{"start":{"line":23,"column":4},"end":{"line":25,"column":null}},{"start":{"line":23,"column":4},"end":{"line":25,"column":null}}]},"1":{"loc":{"start":{"line":29,"column":4},"end":{"line":35,"column":null}},"type":"if","locations":[{"start":{"line":29,"column":4},"end":{"line":35,"column":null}},{"start":{"line":29,"column":4},"end":{"line":35,"column":null}}]},"2":{"loc":{"start":{"line":31,"column":6},"end":{"line":33,"column":null}},"type":"if","locations":[{"start":{"line":31,"column":6},"end":{"line":33,"column":null}},{"start":{"line":31,"column":6},"end":{"line":33,"column":null}}]},"3":{"loc":{"start":{"line":40,"column":4},"end":{"line":42,"column":null}},"type":"if","locations":[{"start":{"line":40,"column":4},"end":{"line":42,"column":null}},{"start":{"line":40,"column":4},"end":{"line":42,"column":null}}]},"4":{"loc":{"start":{"line":44,"column":4},"end":{"line":49,"column":null}},"type":"if","locations":[{"start":{"line":44,"column":4},"end":{"line":49,"column":null}},{"start":{"line":44,"column":4},"end":{"line":49,"column":null}}]},"5":{"loc":{"start":{"line":54,"column":4},"end":{"line":62,"column":null}},"type":"if","locations":[{"start":{"line":54,"column":4},"end":{"line":62,"column":null}},{"start":{"line":54,"column":4},"end":{"line":62,"column":null}}]},"6":{"loc":{"start":{"line":56,"column":11},"end":{"line":62,"column":null}},"type":"if","locations":[{"start":{"line":56,"column":11},"end":{"line":62,"column":null}},{"start":{"line":56,"column":11},"end":{"line":62,"column":null}}]},"7":{"loc":{"start":{"line":67,"column":4},"end":{"line":83,"column":null}},"type":"if","locations":[{"start":{"line":67,"column":4},"end":{"line":83,"column":null}},{"start":{"line":67,"column":4},"end":{"line":83,"column":null}}]},"8":{"loc":{"start":{"line":73,"column":11},"end":{"line":73,"column":65}},"type":"cond-expr","locations":[{"start":{"line":73,"column":34},"end":{"line":73,"column":60}},{"start":{"line":73,"column":63},"end":{"line":73,"column":65}}]},"9":{"loc":{"start":{"line":79,"column":11},"end":{"line":79,"column":65}},"type":"cond-expr","locations":[{"start":{"line":79,"column":34},"end":{"line":79,"column":60}},{"start":{"line":79,"column":63},"end":{"line":79,"column":65}}]}},"s":{"0":16,"1":16,"2":16,"3":16,"4":16,"5":16,"6":16,"7":8,"8":8,"9":8,"10":8,"11":3,"12":1,"13":1,"14":1,"15":1,"16":1,"17":0,"18":1,"19":1,"20":2,"21":3,"22":2,"23":0,"24":2,"25":1,"26":1,"27":1,"28":2,"29":3,"30":5,"31":3,"32":1,"33":2,"34":1,"35":1,"36":1,"37":1,"38":3,"39":3,"40":2,"41":1,"42":1,"43":1,"44":1},"f":{"0":16,"1":8,"2":1,"3":1,"4":2,"5":3,"6":3,"7":5,"8":2,"9":1},"b":{"0":[3,5],"1":[1,0],"2":[0,1],"3":[0,2],"4":[1,1],"5":[1,2],"6":[1,1],"7":[1,1],"8":[0,1],"9":[1,0]}}
}
